<?xml version="1.0" encoding="UTF-8"?>
<testsuite xmlns:xsi="http://www.w3.org/2001/XMLSchema-instance" xsi:noNamespaceSchemaLocation="https://maven.apache.org/surefire/maven-surefire-plugin/xsd/surefire-test-report-3.0.xsd" version="3.0" name="com.ipn.mx.ApiInventarioMiniApplicationTests" time="4.011" tests="1" errors="0" skipped="0" failures="0">
  <properties>
[...]
</properties>
  <testcase name="contextLoads" classname="com.ipn.mx.ApiInventarioMiniApplicationTests" time="0.364">
    <system-out><![CDATA[19:03:23.442 [main] INFO org.springframework.test.context.support.AnnotationConfigContextLoaderUtils -- Could not detect default configuration classes for test class [com.ipn.mx.ApiInventarioMiniApplicationTests]: ApiInventarioMiniApplicationTests does not declare any static, non-private, non-final, nested classes annotated with @Configuration.
19:03:23.492 [main] INFO org.springframework.boot.test.context.SpringBootTestContextBootstrapper -- Found @SpringBootConfiguration com.ipn.mx.ApiInventarioMiniApplication for test class com.ipn.mx.ApiInventarioMiniApplicationTests
19:03:23.562 [main] INFO org.springframework.boot.devtools.restart.RestartApplicationListener -- Restart disabled due to context in which it is running

  .   ____          _            __ _ _
 /\\ / ___'_ __ _ _(_)_ __  __ _ \ \ \ \
( ( )\___ | '_ | '_| | '_ \/ _` | \ \ \ \
 \\/  ___)| |_)| | | | | || (_| |  ) ) ) )
  '  |____| .__|_| |_|_| |_\__, | / / / /
 =========|_|==============|___/=/_/_/_/
&amp#27;[32m :: Spring Boot :: &amp#27;[39m              &amp#27;[2m (v3.2.4)&amp#27;[0;39m

&amp#27;[2m2024-06-29T19:03:23.675-06:00&amp#27;[0;39m &amp#27;[32mDEBUG&amp#27;[0;39m &amp#27;[35m4020&amp#27;[0;39m &amp#27;[2m---&amp#27;[0;39m &amp#27;[2m[ApiInventarioMini] [kground-preinit]&amp#27;[0;39m &amp#27;[2m&amp#27;[0;39m&amp#27;[36mo.h.v.i.xml.config.ValidationXmlParser  &amp#27;[0;39m &amp#27;[2m:&amp#27;[0;39m Trying to load META-INF/validation.xml for XML based Validator configuration.
&amp#27;[2m2024-06-29T19:03:23.696-06:00&amp#27;[0;39m &amp#27;[32mDEBUG&amp#27;[0;39m &amp#27;[35m4020&amp#27;[0;39m &amp#27;[2m---&amp#27;[0;39m &amp#27;[2m[ApiInventarioMini] [kground-preinit]&amp#27;[0;39m &amp#27;[2m&amp#27;[0;39m&amp#27;[36mo.h.v.i.xml.config.ResourceLoaderHelper &amp#27;[0;39m &amp#27;[2m:&amp#27;[0;39m Trying to load META-INF/validation.xml via TCCL
&amp#27;[2m2024-06-29T19:03:23.697-06:00&amp#27;[0;39m &amp#27;[32mDEBUG&amp#27;[0;39m &amp#27;[35m4020&amp#27;[0;39m &amp#27;[2m---&amp#27;[0;39m &amp#27;[2m[ApiInventarioMini] [kground-preinit]&amp#27;[0;39m &amp#27;[2m&amp#27;[0;39m&amp#27;[36mo.h.v.i.xml.config.ResourceLoaderHelper &amp#27;[0;39m &amp#27;[2m:&amp#27;[0;39m Trying to load META-INF/validation.xml via Hibernate Validator's class loader
&amp#27;[2m2024-06-29T19:03:23.697-06:00&amp#27;[0;39m &amp#27;[32mDEBUG&amp#27;[0;39m &amp#27;[35m4020&amp#27;[0;39m &amp#27;[2m---&amp#27;[0;39m &amp#27;[2m[ApiInventarioMini] [kground-preinit]&amp#27;[0;39m &amp#27;[2m&amp#27;[0;39m&amp#27;[36mo.h.v.i.xml.config.ValidationXmlParser  &amp#27;[0;39m &amp#27;[2m:&amp#27;[0;39m No META-INF/validation.xml found. Using annotation based configuration only.
&amp#27;[2m2024-06-29T19:03:23.700-06:00&amp#27;[0;39m &amp#27;[32mDEBUG&amp#27;[0;39m &amp#27;[35m4020&amp#27;[0;39m &amp#27;[2m---&amp#27;[0;39m &amp#27;[2m[ApiInventarioMini] [kground-preinit]&amp#27;[0;39m &amp#27;[2m&amp#27;[0;39m&amp#27;[36mo.h.v.i.e.resolver.TraversableResolvers &amp#27;[0;39m &amp#27;[2m:&amp#27;[0;39m Found jakarta.persistence.Persistence on classpath containing 'getPersistenceUtil'. Assuming JPA 2 environment. Trying to instantiate JPA aware TraversableResolver
&amp#27;[2m2024-06-29T19:03:23.701-06:00&amp#27;[0;39m &amp#27;[32mDEBUG&amp#27;[0;39m &amp#27;[35m4020&amp#27;[0;39m &amp#27;[2m---&amp#27;[0;39m &amp#27;[2m[ApiInventarioMini] [kground-preinit]&amp#27;[0;39m &amp#27;[2m&amp#27;[0;39m&amp#27;[36mo.h.v.i.e.resolver.TraversableResolvers &amp#27;[0;39m &amp#27;[2m:&amp#27;[0;39m Instantiated JPA aware TraversableResolver of type org.hibernate.validator.internal.engine.resolver.JPATraversableResolver.
&amp#27;[2m2024-06-29T19:03:23.714-06:00&amp#27;[0;39m &amp#27;[32mDEBUG&amp#27;[0;39m &amp#27;[35m4020&amp#27;[0;39m &amp#27;[2m---&amp#27;[0;39m &amp#27;[2m[ApiInventarioMini] [kground-preinit]&amp#27;[0;39m &amp#27;[2m&amp#27;[0;39m&amp#27;[36m.h.v.m.ResourceBundleMessageInterpolator&amp#27;[0;39m &amp#27;[2m:&amp#27;[0;39m Loaded expression factory via original TCCL
&amp#27;[2m2024-06-29T19:03:23.718-06:00&amp#27;[0;39m &amp#27;[32m INFO&amp#27;[0;39m &amp#27;[35m4020&amp#27;[0;39m &amp#27;[2m---&amp#27;[0;39m &amp#27;[2m[ApiInventarioMini] [           main]&amp#27;[0;39m &amp#27;[2m&amp#27;[0;39m&amp#27;[36mc.i.m.ApiInventarioMiniApplicationTests &amp#27;[0;39m &amp#27;[2m:&amp#27;[0;39m Starting ApiInventarioMiniApplicationTests using Java 22.0.1 with PID 4020 (started by jafcp in /Users/jafcp/Documents/9° Semestre/Desarrollo de Aplicaciones Web/IdeaProjects/ApiInventarioMini)
&amp#27;[2m2024-06-29T19:03:23.718-06:00&amp#27;[0;39m &amp#27;[32m INFO&amp#27;[0;39m &amp#27;[35m4020&amp#27;[0;39m &amp#27;[2m---&amp#27;[0;39m &amp#27;[2m[ApiInventarioMini] [           main]&amp#27;[0;39m &amp#27;[2m&amp#27;[0;39m&amp#27;[36mc.i.m.ApiInventarioMiniApplicationTests &amp#27;[0;39m &amp#27;[2m:&amp#27;[0;39m No active profile set, falling back to 1 default profile: "default"
&amp#27;[2m2024-06-29T19:03:23.753-06:00&amp#27;[0;39m &amp#27;[32mDEBUG&amp#27;[0;39m &amp#27;[35m4020&amp#27;[0;39m &amp#27;[2m---&amp#27;[0;39m &amp#27;[2m[ApiInventarioMini] [kground-preinit]&amp#27;[0;39m &amp#27;[2m&amp#27;[0;39m&amp#27;[36m.i.e.ValidatorFactoryConfigurationHelper&amp#27;[0;39m &amp#27;[2m:&amp#27;[0;39m HV000252: Using org.hibernate.validator.internal.engine.DefaultPropertyNodeNameProvider as property node name provider.
&amp#27;[2m2024-06-29T19:03:23.756-06:00&amp#27;[0;39m &amp#27;[32mDEBUG&amp#27;[0;39m &amp#27;[35m4020&amp#27;[0;39m &amp#27;[2m---&amp#27;[0;39m &amp#27;[2m[ApiInventarioMini] [kground-preinit]&amp#27;[0;39m &amp#27;[2m&amp#27;[0;39m&amp#27;[36m.i.e.ValidatorFactoryConfigurationHelper&amp#27;[0;39m &amp#27;[2m:&amp#27;[0;39m HV000234: Using org.hibernate.validator.messageinterpolation.ResourceBundleMessageInterpolator as ValidatorFactory-scoped message interpolator.
&amp#27;[2m2024-06-29T19:03:23.756-06:00&amp#27;[0;39m &amp#27;[32mDEBUG&amp#27;[0;39m &amp#27;[35m4020&amp#27;[0;39m &amp#27;[2m---&amp#27;[0;39m &amp#27;[2m[ApiInventarioMini] [kground-preinit]&amp#27;[0;39m &amp#27;[2m&amp#27;[0;39m&amp#27;[36m.i.e.ValidatorFactoryConfigurationHelper&amp#27;[0;39m &amp#27;[2m:&amp#27;[0;39m HV000234: Using org.hibernate.validator.internal.engine.resolver.JPATraversableResolver as ValidatorFactory-scoped traversable resolver.
&amp#27;[2m2024-06-29T19:03:23.756-06:00&amp#27;[0;39m &amp#27;[32mDEBUG&amp#27;[0;39m &amp#27;[35m4020&amp#27;[0;39m &amp#27;[2m---&amp#27;[0;39m &amp#27;[2m[ApiInventarioMini] [kground-preinit]&amp#27;[0;39m &amp#27;[2m&amp#27;[0;39m&amp#27;[36m.i.e.ValidatorFactoryConfigurationHelper&amp#27;[0;39m &amp#27;[2m:&amp#27;[0;39m HV000234: Using org.hibernate.validator.internal.util.ExecutableParameterNameProvider as ValidatorFactory-scoped parameter name provider.
&amp#27;[2m2024-06-29T19:03:23.756-06:00&amp#27;[0;39m &amp#27;[32mDEBUG&amp#27;[0;39m &amp#27;[35m4020&amp#27;[0;39m &amp#27;[2m---&amp#27;[0;39m &amp#27;[2m[ApiInventarioMini] [kground-preinit]&amp#27;[0;39m &amp#27;[2m&amp#27;[0;39m&amp#27;[36m.i.e.ValidatorFactoryConfigurationHelper&amp#27;[0;39m &amp#27;[2m:&amp#27;[0;39m HV000234: Using org.hibernate.validator.internal.engine.DefaultClockProvider as ValidatorFactory-scoped clock provider.
&amp#27;[2m2024-06-29T19:03:23.756-06:00&amp#27;[0;39m &amp#27;[32mDEBUG&amp#27;[0;39m &amp#27;[35m4020&amp#27;[0;39m &amp#27;[2m---&amp#27;[0;39m &amp#27;[2m[ApiInventarioMini] [kground-preinit]&amp#27;[0;39m &amp#27;[2m&amp#27;[0;39m&amp#27;[36m.i.e.ValidatorFactoryConfigurationHelper&amp#27;[0;39m &amp#27;[2m:&amp#27;[0;39m HV000234: Using org.hibernate.validator.internal.engine.scripting.DefaultScriptEvaluatorFactory as ValidatorFactory-scoped script evaluator factory.
&amp#27;[2m2024-06-29T19:03:24.049-06:00&amp#27;[0;39m &amp#27;[32m INFO&amp#27;[0;39m &amp#27;[35m4020&amp#27;[0;39m &amp#27;[2m---&amp#27;[0;39m &amp#27;[2m[ApiInventarioMini] [           main]&amp#27;[0;39m &amp#27;[2m&amp#27;[0;39m&amp#27;[36m.s.d.r.c.RepositoryConfigurationDelegate&amp#27;[0;39m &amp#27;[2m:&amp#27;[0;39m Bootstrapping Spring Data JPA repositories in DEFAULT mode.
&amp#27;[2m2024-06-29T19:03:24.076-06:00&amp#27;[0;39m &amp#27;[32m INFO&amp#27;[0;39m &amp#27;[35m4020&amp#27;[0;39m &amp#27;[2m---&amp#27;[0;39m &amp#27;[2m[ApiInventarioMini] [           main]&amp#27;[0;39m &amp#27;[2m&amp#27;[0;39m&amp#27;[36m.s.d.r.c.RepositoryConfigurationDelegate&amp#27;[0;39m &amp#27;[2m:&amp#27;[0;39m Finished Spring Data repository scanning in 22 ms. Found 3 JPA repository interfaces.
&amp#27;[2m2024-06-29T19:03:24.300-06:00&amp#27;[0;39m &amp#27;[32mDEBUG&amp#27;[0;39m &amp#27;[35m4020&amp#27;[0;39m &amp#27;[2m---&amp#27;[0;39m &amp#27;[2m[ApiInventarioMini] [           main]&amp#27;[0;39m &amp#27;[2m&amp#27;[0;39m&amp#27;[36mo.hibernate.jpa.internal.util.LogHelper &amp#27;[0;39m &amp#27;[2m:&amp#27;[0;39m PersistenceUnitInfo [
	name: default
	persistence provider classname: null
	classloader: jdk.internal.loader.ClassLoaders$AppClassLoader@18769467
	excludeUnlistedClasses: true
	JTA datasource: null
	Non JTA datasource: HikariDataSource (null)
	Transaction type: RESOURCE_LOCAL
	PU root URL: file:/Users/jafcp/Documents/9%c2%b0%20Semestre/Desarrollo%20de%20Aplicaciones%20Web/IdeaProjects/ApiInventarioMini/target/test-classes/
	Shared Cache Mode: UNSPECIFIED
	Validation Mode: AUTO
	Jar files URLs []
	Managed classes names [
		com.ipn.mx.domain.entity.Categoria
		com.ipn.mx.domain.entity.Movimiento
		com.ipn.mx.domain.entity.Producto]
	Mapping files names []
	Properties []
&amp#27;[2m2024-06-29T19:03:24.307-06:00&amp#27;[0;39m &amp#27;[32mDEBUG&amp#27;[0;39m &amp#27;[35m4020&amp#27;[0;39m &amp#27;[2m---&amp#27;[0;39m &amp#27;[2m[ApiInventarioMini] [           main]&amp#27;[0;39m &amp#27;[2m&amp#27;[0;39m&amp#27;[36mo.h.i.internal.IntegratorServiceImpl    &amp#27;[0;39m &amp#27;[2m:&amp#27;[0;39m Adding Integrator [org.hibernate.boot.beanvalidation.BeanValidationIntegrator].
&amp#27;[2m2024-06-29T19:03:24.308-06:00&amp#27;[0;39m &amp#27;[32mDEBUG&amp#27;[0;39m &amp#27;[35m4020&amp#27;[0;39m &amp#27;[2m---&amp#27;[0;39m &amp#27;[2m[ApiInventarioMini] [           main]&amp#27;[0;39m &amp#27;[2m&amp#27;[0;39m&amp#27;[36mo.h.i.internal.IntegratorServiceImpl    &amp#27;[0;39m &amp#27;[2m:&amp#27;[0;39m Adding Integrator [org.hibernate.cache.internal.CollectionCacheInvalidator].
&amp#27;[2m2024-06-29T19:03:24.336-06:00&amp#27;[0;39m &amp#27;[32m INFO&amp#27;[0;39m &amp#27;[35m4020&amp#27;[0;39m &amp#27;[2m---&amp#27;[0;39m &amp#27;[2m[ApiInventarioMini] [           main]&amp#27;[0;39m &amp#27;[2m&amp#27;[0;39m&amp#27;[36morg.hibernate.Version                   &amp#27;[0;39m &amp#27;[2m:&amp#27;[0;39m HHH000412: Hibernate ORM core version 6.4.4.Final
&amp#27;[2m2024-06-29T19:03:24.337-06:00&amp#27;[0;39m &amp#27;[32mDEBUG&amp#27;[0;39m &amp#27;[35m4020&amp#27;[0;39m &amp#27;[2m---&amp#27;[0;39m &amp#27;[2m[ApiInventarioMini] [           main]&amp#27;[0;39m &amp#27;[2m&amp#27;[0;39m&amp#27;[36morg.hibernate.cfg.Environment           &amp#27;[0;39m &amp#27;[2m:&amp#27;[0;39m HHH000206: 'hibernate.properties' not found
&amp#27;[2m2024-06-29T19:03:24.349-06:00&amp#27;[0;39m &amp#27;[32mDEBUG&amp#27;[0;39m &amp#27;[35m4020&amp#27;[0;39m &amp#27;[2m---&amp#27;[0;39m &amp#27;[2m[ApiInventarioMini] [           main]&amp#27;[0;39m &amp#27;[2m&amp#27;[0;39m&amp#27;[36morg.hibernate.orm.idgen.factory         &amp#27;[0;39m &amp#27;[2m:&amp#27;[0;39m Registering IdentifierGenerator strategy [uuid2] -> [org.hibernate.id.UUIDGenerator]
&amp#27;[2m2024-06-29T19:03:24.349-06:00&amp#27;[0;39m &amp#27;[32mDEBUG&amp#27;[0;39m &amp#27;[35m4020&amp#27;[0;39m &amp#27;[2m---&amp#27;[0;39m &amp#27;[2m[ApiInventarioMini] [           main]&amp#27;[0;39m &amp#27;[2m&amp#27;[0;39m&amp#27;[36morg.hibernate.orm.idgen.factory         &amp#27;[0;39m &amp#27;[2m:&amp#27;[0;39m Registering IdentifierGenerator strategy [guid] -> [org.hibernate.id.GUIDGenerator]
&amp#27;[2m2024-06-29T19:03:24.349-06:00&amp#27;[0;39m &amp#27;[32mDEBUG&amp#27;[0;39m &amp#27;[35m4020&amp#27;[0;39m &amp#27;[2m---&amp#27;[0;39m &amp#27;[2m[ApiInventarioMini] [           main]&amp#27;[0;39m &amp#27;[2m&amp#27;[0;39m&amp#27;[36morg.hibernate.orm.idgen.factory         &amp#27;[0;39m &amp#27;[2m:&amp#27;[0;39m Registering IdentifierGenerator strategy [uuid] -> [org.hibernate.id.UUIDHexGenerator]
&amp#27;[2m2024-06-29T19:03:24.349-06:00&amp#27;[0;39m &amp#27;[32mDEBUG&amp#27;[0;39m &amp#27;[35m4020&amp#27;[0;39m &amp#27;[2m---&amp#27;[0;39m &amp#27;[2m[ApiInventarioMini] [           main]&amp#27;[0;39m &amp#27;[2m&amp#27;[0;39m&amp#27;[36morg.hibernate.orm.idgen.factory         &amp#27;[0;39m &amp#27;[2m:&amp#27;[0;39m Registering IdentifierGenerator strategy [uuid.hex] -> [org.hibernate.id.UUIDHexGenerator]
&amp#27;[2m2024-06-29T19:03:24.350-06:00&amp#27;[0;39m &amp#27;[32mDEBUG&amp#27;[0;39m &amp#27;[35m4020&amp#27;[0;39m &amp#27;[2m---&amp#27;[0;39m &amp#27;[2m[ApiInventarioMini] [           main]&amp#27;[0;39m &amp#27;[2m&amp#27;[0;39m&amp#27;[36morg.hibernate.orm.idgen.factory         &amp#27;[0;39m &amp#27;[2m:&amp#27;[0;39m Registering IdentifierGenerator strategy [assigned] -> [org.hibernate.id.Assigned]
&amp#27;[2m2024-06-29T19:03:24.350-06:00&amp#27;[0;39m &amp#27;[32mDEBUG&amp#27;[0;39m &amp#27;[35m4020&amp#27;[0;39m &amp#27;[2m---&amp#27;[0;39m &amp#27;[2m[ApiInventarioMini] [           main]&amp#27;[0;39m &amp#27;[2m&amp#27;[0;39m&amp#27;[36morg.hibernate.orm.idgen.factory         &amp#27;[0;39m &amp#27;[2m:&amp#27;[0;39m Registering IdentifierGenerator strategy [identity] -> [org.hibernate.id.IdentityGenerator]
&amp#27;[2m2024-06-29T19:03:24.350-06:00&amp#27;[0;39m &amp#27;[32mDEBUG&amp#27;[0;39m &amp#27;[35m4020&amp#27;[0;39m &amp#27;[2m---&amp#27;[0;39m &amp#27;[2m[ApiInventarioMini] [           main]&amp#27;[0;39m &amp#27;[2m&amp#27;[0;39m&amp#27;[36morg.hibernate.orm.idgen.factory         &amp#27;[0;39m &amp#27;[2m:&amp#27;[0;39m Registering IdentifierGenerator strategy [select] -> [org.hibernate.id.SelectGenerator]
&amp#27;[2m2024-06-29T19:03:24.351-06:00&amp#27;[0;39m &amp#27;[32mDEBUG&amp#27;[0;39m &amp#27;[35m4020&amp#27;[0;39m &amp#27;[2m---&amp#27;[0;39m &amp#27;[2m[ApiInventarioMini] [           main]&amp#27;[0;39m &amp#27;[2m&amp#27;[0;39m&amp#27;[36morg.hibernate.orm.idgen.factory         &amp#27;[0;39m &amp#27;[2m:&amp#27;[0;39m Registering IdentifierGenerator strategy [sequence] -> [org.hibernate.id.enhanced.SequenceStyleGenerator]
&amp#27;[2m2024-06-29T19:03:24.351-06:00&amp#27;[0;39m &amp#27;[32mDEBUG&amp#27;[0;39m &amp#27;[35m4020&amp#27;[0;39m &amp#27;[2m---&amp#27;[0;39m &amp#27;[2m[ApiInventarioMini] [           main]&amp#27;[0;39m &amp#27;[2m&amp#27;[0;39m&amp#27;[36morg.hibernate.orm.idgen.factory         &amp#27;[0;39m &amp#27;[2m:&amp#27;[0;39m Registering IdentifierGenerator strategy [increment] -> [org.hibernate.id.IncrementGenerator]
&amp#27;[2m2024-06-29T19:03:24.351-06:00&amp#27;[0;39m &amp#27;[32mDEBUG&amp#27;[0;39m &amp#27;[35m4020&amp#27;[0;39m &amp#27;[2m---&amp#27;[0;39m &amp#27;[2m[ApiInventarioMini] [           main]&amp#27;[0;39m &amp#27;[2m&amp#27;[0;39m&amp#27;[36morg.hibernate.orm.idgen.factory         &amp#27;[0;39m &amp#27;[2m:&amp#27;[0;39m Registering IdentifierGenerator strategy [foreign] -> [org.hibernate.id.ForeignGenerator]
&amp#27;[2m2024-06-29T19:03:24.351-06:00&amp#27;[0;39m &amp#27;[32mDEBUG&amp#27;[0;39m &amp#27;[35m4020&amp#27;[0;39m &amp#27;[2m---&amp#27;[0;39m &amp#27;[2m[ApiInventarioMini] [           main]&amp#27;[0;39m &amp#27;[2m&amp#27;[0;39m&amp#27;[36morg.hibernate.orm.idgen.factory         &amp#27;[0;39m &amp#27;[2m:&amp#27;[0;39m Registering IdentifierGenerator strategy [enhanced-sequence] -> [org.hibernate.id.enhanced.SequenceStyleGenerator]
&amp#27;[2m2024-06-29T19:03:24.351-06:00&amp#27;[0;39m &amp#27;[32mDEBUG&amp#27;[0;39m &amp#27;[35m4020&amp#27;[0;39m &amp#27;[2m---&amp#27;[0;39m &amp#27;[2m[ApiInventarioMini] [           main]&amp#27;[0;39m &amp#27;[2m&amp#27;[0;39m&amp#27;[36morg.hibernate.orm.idgen.factory         &amp#27;[0;39m &amp#27;[2m:&amp#27;[0;39m Registering IdentifierGenerator strategy [enhanced-table] -> [org.hibernate.id.enhanced.TableGenerator]
&amp#27;[2m2024-06-29T19:03:24.354-06:00&amp#27;[0;39m &amp#27;[32mDEBUG&amp#27;[0;39m &amp#27;[35m4020&amp#27;[0;39m &amp#27;[2m---&amp#27;[0;39m &amp#27;[2m[ApiInventarioMini] [           main]&amp#27;[0;39m &amp#27;[2m&amp#27;[0;39m&amp#27;[36mo.h.c.internal.RegionFactoryInitiator   &amp#27;[0;39m &amp#27;[2m:&amp#27;[0;39m Cannot default RegionFactory based on registered strategies as `[]` RegionFactory strategies were registered
&amp#27;[2m2024-06-29T19:03:24.355-06:00&amp#27;[0;39m &amp#27;[32m INFO&amp#27;[0;39m &amp#27;[35m4020&amp#27;[0;39m &amp#27;[2m---&amp#27;[0;39m &amp#27;[2m[ApiInventarioMini] [           main]&amp#27;[0;39m &amp#27;[2m&amp#27;[0;39m&amp#27;[36mo.h.c.internal.RegionFactoryInitiator   &amp#27;[0;39m &amp#27;[2m:&amp#27;[0;39m HHH000026: Second-level cache disabled
&amp#27;[2m2024-06-29T19:03:24.386-06:00&amp#27;[0;39m &amp#27;[32mDEBUG&amp#27;[0;39m &amp#27;[35m4020&amp#27;[0;39m &amp#27;[2m---&amp#27;[0;39m &amp#27;[2m[ApiInventarioMini] [           main]&amp#27;[0;39m &amp#27;[2m&amp#27;[0;39m&amp#27;[36morg.hibernate.type.BasicTypeRegistry    &amp#27;[0;39m &amp#27;[2m:&amp#27;[0;39m Adding type registration boolean -> org.hibernate.type.BasicTypeReference@39da5e49
&amp#27;[2m2024-06-29T19:03:24.386-06:00&amp#27;[0;39m &amp#27;[32mDEBUG&amp#27;[0;39m &amp#27;[35m4020&amp#27;[0;39m &amp#27;[2m---&amp#27;[0;39m &amp#27;[2m[ApiInventarioMini] [           main]&amp#27;[0;39m &amp#27;[2m&amp#27;[0;39m&amp#27;[36morg.hibernate.type.BasicTypeRegistry    &amp#27;[0;39m &amp#27;[2m:&amp#27;[0;39m Adding type registration boolean -> org.hibernate.type.BasicTypeReference@39da5e49
&amp#27;[2m2024-06-29T19:03:24.386-06:00&amp#27;[0;39m &amp#27;[32mDEBUG&amp#27;[0;39m &amp#27;[35m4020&amp#27;[0;39m &amp#27;[2m---&amp#27;[0;39m &amp#27;[2m[ApiInventarioMini] [           main]&amp#27;[0;39m &amp#27;[2m&amp#27;[0;39m&amp#27;[36morg.hibernate.type.BasicTypeRegistry    &amp#27;[0;39m &amp#27;[2m:&amp#27;[0;39m Adding type registration java.lang.Boolean -> org.hibernate.type.BasicTypeReference@39da5e49
&amp#27;[2m2024-06-29T19:03:24.386-06:00&amp#27;[0;39m &amp#27;[32mDEBUG&amp#27;[0;39m &amp#27;[35m4020&amp#27;[0;39m &amp#27;[2m---&amp#27;[0;39m &amp#27;[2m[ApiInventarioMini] [           main]&amp#27;[0;39m &amp#27;[2m&amp#27;[0;39m&amp#27;[36morg.hibernate.type.BasicTypeRegistry    &amp#27;[0;39m &amp#27;[2m:&amp#27;[0;39m Adding type registration numeric_boolean -> org.hibernate.type.BasicTypeReference@2443abd6
&amp#27;[2m2024-06-29T19:03:24.386-06:00&amp#27;[0;39m &amp#27;[32mDEBUG&amp#27;[0;39m &amp#27;[35m4020&amp#27;[0;39m &amp#27;[2m---&amp#27;[0;39m &amp#27;[2m[ApiInventarioMini] [           main]&amp#27;[0;39m &amp#27;[2m&amp#27;[0;39m&amp#27;[36morg.hibernate.type.BasicTypeRegistry    &amp#27;[0;39m &amp#27;[2m:&amp#27;[0;39m Adding type registration org.hibernate.type.NumericBooleanConverter -> org.hibernate.type.BasicTypeReference@2443abd6
&amp#27;[2m2024-06-29T19:03:24.387-06:00&amp#27;[0;39m &amp#27;[32mDEBUG&amp#27;[0;39m &amp#27;[35m4020&amp#27;[0;39m &amp#27;[2m---&amp#27;[0;39m &amp#27;[2m[ApiInventarioMini] [           main]&amp#27;[0;39m &amp#27;[2m&amp#27;[0;39m&amp#27;[36morg.hibernate.type.BasicTypeRegistry    &amp#27;[0;39m &amp#27;[2m:&amp#27;[0;39m Adding type registration true_false -> org.hibernate.type.BasicTypeReference@674da77b
&amp#27;[2m2024-06-29T19:03:24.387-06:00&amp#27;[0;39m &amp#27;[32mDEBUG&amp#27;[0;39m &amp#27;[35m4020&amp#27;[0;39m &amp#27;[2m---&amp#27;[0;39m &amp#27;[2m[ApiInventarioMini] [           main]&amp#27;[0;39m &amp#27;[2m&amp#27;[0;39m&amp#27;[36morg.hibernate.type.BasicTypeRegistry    &amp#27;[0;39m &amp#27;[2m:&amp#27;[0;39m Adding type registration org.hibernate.type.TrueFalseConverter -> org.hibernate.type.BasicTypeReference@674da77b
&amp#27;[2m2024-06-29T19:03:24.387-06:00&amp#27;[0;39m &amp#27;[32mDEBUG&amp#27;[0;39m &amp#27;[35m4020&amp#27;[0;39m &amp#27;[2m---&amp#27;[0;39m &amp#27;[2m[ApiInventarioMini] [           main]&amp#27;[0;39m &amp#27;[2m&amp#27;[0;39m&amp#27;[36morg.hibernate.type.BasicTypeRegistry    &amp#27;[0;39m &amp#27;[2m:&amp#27;[0;39m Adding type registration yes_no -> org.hibernate.type.BasicTypeReference@bd3eff4
&amp#27;[2m2024-06-29T19:03:24.387-06:00&amp#27;[0;39m &amp#27;[32mDEBUG&amp#27;[0;39m &amp#27;[35m4020&amp#27;[0;39m &amp#27;[2m---&amp#27;[0;39m &amp#27;[2m[ApiInventarioMini] [           main]&amp#27;[0;39m &amp#27;[2m&amp#27;[0;39m&amp#27;[36morg.hibernate.type.BasicTypeRegistry    &amp#27;[0;39m &amp#27;[2m:&amp#27;[0;39m Adding type registration org.hibernate.type.YesNoConverter -> org.hibernate.type.BasicTypeReference@bd3eff4
&amp#27;[2m2024-06-29T19:03:24.387-06:00&amp#27;[0;39m &amp#27;[32mDEBUG&amp#27;[0;39m &amp#27;[35m4020&amp#27;[0;39m &amp#27;[2m---&amp#27;[0;39m &amp#27;[2m[ApiInventarioMini] [           main]&amp#27;[0;39m &amp#27;[2m&amp#27;[0;39m&amp#27;[36morg.hibernate.type.BasicTypeRegistry    &amp#27;[0;39m &amp#27;[2m:&amp#27;[0;39m Adding type registration byte -> org.hibernate.type.BasicTypeReference@6010d0d1
&amp#27;[2m2024-06-29T19:03:24.387-06:00&amp#27;[0;39m &amp#27;[32mDEBUG&amp#27;[0;39m &amp#27;[35m4020&amp#27;[0;39m &amp#27;[2m---&amp#27;[0;39m &amp#27;[2m[ApiInventarioMini] [           main]&amp#27;[0;39m &amp#27;[2m&amp#27;[0;39m&amp#27;[36morg.hibernate.type.BasicTypeRegistry    &amp#27;[0;39m &amp#27;[2m:&amp#27;[0;39m Adding type registration byte -> org.hibernate.type.BasicTypeReference@6010d0d1
&amp#27;[2m2024-06-29T19:03:24.387-06:00&amp#27;[0;39m &amp#27;[32mDEBUG&amp#27;[0;39m &amp#27;[35m4020&amp#27;[0;39m &amp#27;[2m---&amp#27;[0;39m &amp#27;[2m[ApiInventarioMini] [           main]&amp#27;[0;39m &amp#27;[2m&amp#27;[0;39m&amp#27;[36morg.hibernate.type.BasicTypeRegistry    &amp#27;[0;39m &amp#27;[2m:&amp#27;[0;39m Adding type registration java.lang.Byte -> org.hibernate.type.BasicTypeReference@6010d0d1
&amp#27;[2m2024-06-29T19:03:24.387-06:00&amp#27;[0;39m &amp#27;[32mDEBUG&amp#27;[0;39m &amp#27;[35m4020&amp#27;[0;39m &amp#27;[2m---&amp#27;[0;39m &amp#27;[2m[ApiInventarioMini] [           main]&amp#27;[0;39m &amp#27;[2m&amp#27;[0;39m&amp#27;[36morg.hibernate.type.BasicTypeRegistry    &amp#27;[0;39m &amp#27;[2m:&amp#27;[0;39m Adding type registration binary -> org.hibernate.type.BasicTypeReference@5934ca1e
&amp#27;[2m2024-06-29T19:03:24.387-06:00&amp#27;[0;39m &amp#27;[32mDEBUG&amp#27;[0;39m &amp#27;[35m4020&amp#27;[0;39m &amp#27;[2m---&amp#27;[0;39m &amp#27;[2m[ApiInventarioMini] [           main]&amp#27;[0;39m &amp#27;[2m&amp#27;[0;39m&amp#27;[36morg.hibernate.type.BasicTypeRegistry    &amp#27;[0;39m &amp#27;[2m:&amp#27;[0;39m Adding type registration byte[] -> org.hibernate.type.BasicTypeReference@5934ca1e
&amp#27;[2m2024-06-29T19:03:24.387-06:00&amp#27;[0;39m &amp#27;[32mDEBUG&amp#27;[0;39m &amp#27;[35m4020&amp#27;[0;39m &amp#27;[2m---&amp#27;[0;39m &amp#27;[2m[ApiInventarioMini] [           main]&amp#27;[0;39m &amp#27;[2m&amp#27;[0;39m&amp#27;[36morg.hibernate.type.BasicTypeRegistry    &amp#27;[0;39m &amp#27;[2m:&amp#27;[0;39m Adding type registration [B -> org.hibernate.type.BasicTypeReference@5934ca1e
&amp#27;[2m2024-06-29T19:03:24.387-06:00&amp#27;[0;39m &amp#27;[32mDEBUG&amp#27;[0;39m &amp#27;[35m4020&amp#27;[0;39m &amp#27;[2m---&amp#27;[0;39m &amp#27;[2m[ApiInventarioMini] [           main]&amp#27;[0;39m &amp#27;[2m&amp#27;[0;39m&amp#27;[36morg.hibernate.type.BasicTypeRegistry    &amp#27;[0;39m &amp#27;[2m:&amp#27;[0;39m Adding type registration binary_wrapper -> org.hibernate.type.BasicTypeReference@5348d83c
&amp#27;[2m2024-06-29T19:03:24.387-06:00&amp#27;[0;39m &amp#27;[32mDEBUG&amp#27;[0;39m &amp#27;[35m4020&amp#27;[0;39m &amp#27;[2m---&amp#27;[0;39m &amp#27;[2m[ApiInventarioMini] [           main]&amp#27;[0;39m &amp#27;[2m&amp#27;[0;39m&amp#27;[36morg.hibernate.type.BasicTypeRegistry    &amp#27;[0;39m &amp#27;[2m:&amp#27;[0;39m Adding type registration wrapper-binary -> org.hibernate.type.BasicTypeReference@5348d83c
&amp#27;[2m2024-06-29T19:03:24.387-06:00&amp#27;[0;39m &amp#27;[32mDEBUG&amp#27;[0;39m &amp#27;[35m4020&amp#27;[0;39m &amp#27;[2m---&amp#27;[0;39m &amp#27;[2m[ApiInventarioMini] [           main]&amp#27;[0;39m &amp#27;[2m&amp#27;[0;39m&amp#27;[36morg.hibernate.type.BasicTypeRegistry    &amp#27;[0;39m &amp#27;[2m:&amp#27;[0;39m Adding type registration image -> org.hibernate.type.BasicTypeReference@477021ee
&amp#27;[2m2024-06-29T19:03:24.387-06:00&amp#27;[0;39m &amp#27;[32mDEBUG&amp#27;[0;39m &amp#27;[35m4020&amp#27;[0;39m &amp#27;[2m---&amp#27;[0;39m &amp#27;[2m[ApiInventarioMini] [           main]&amp#27;[0;39m &amp#27;[2m&amp#27;[0;39m&amp#27;[36morg.hibernate.type.BasicTypeRegistry    &amp#27;[0;39m &amp#27;[2m:&amp#27;[0;39m Adding type registration blob -> org.hibernate.type.BasicTypeReference@2180e789
&amp#27;[2m2024-06-29T19:03:24.388-06:00&amp#27;[0;39m &amp#27;[32mDEBUG&amp#27;[0;39m &amp#27;[35m4020&amp#27;[0;39m &amp#27;[2m---&amp#27;[0;39m &amp#27;[2m[ApiInventarioMini] [           main]&amp#27;[0;39m &amp#27;[2m&amp#27;[0;39m&amp#27;[36morg.hibernate.type.BasicTypeRegistry    &amp#27;[0;39m &amp#27;[2m:&amp#27;[0;39m Adding type registration java.sql.Blob -> org.hibernate.type.BasicTypeReference@2180e789
&amp#27;[2m2024-06-29T19:03:24.388-06:00&amp#27;[0;39m &amp#27;[32mDEBUG&amp#27;[0;39m &amp#27;[35m4020&amp#27;[0;39m &amp#27;[2m---&amp#27;[0;39m &amp#27;[2m[ApiInventarioMini] [           main]&amp#27;[0;39m &amp#27;[2m&amp#27;[0;39m&amp#27;[36morg.hibernate.type.BasicTypeRegistry    &amp#27;[0;39m &amp#27;[2m:&amp#27;[0;39m Adding type registration materialized_blob -> org.hibernate.type.BasicTypeReference@5e9bbd9d
&amp#27;[2m2024-06-29T19:03:24.388-06:00&amp#27;[0;39m &amp#27;[32mDEBUG&amp#27;[0;39m &amp#27;[35m4020&amp#27;[0;39m &amp#27;[2m---&amp#27;[0;39m &amp#27;[2m[ApiInventarioMini] [           main]&amp#27;[0;39m &amp#27;[2m&amp#27;[0;39m&amp#27;[36morg.hibernate.type.BasicTypeRegistry    &amp#27;[0;39m &amp#27;[2m:&amp#27;[0;39m Adding type registration materialized_blob_wrapper -> org.hibernate.type.BasicTypeReference@4b87074a
&amp#27;[2m2024-06-29T19:03:24.388-06:00&amp#27;[0;39m &amp#27;[32mDEBUG&amp#27;[0;39m &amp#27;[35m4020&amp#27;[0;39m &amp#27;[2m---&amp#27;[0;39m &amp#27;[2m[ApiInventarioMini] [           main]&amp#27;[0;39m &amp#27;[2m&amp#27;[0;39m&amp#27;[36morg.hibernate.type.BasicTypeRegistry    &amp#27;[0;39m &amp#27;[2m:&amp#27;[0;39m Adding type registration short -> org.hibernate.type.BasicTypeReference@d3e3085
&amp#27;[2m2024-06-29T19:03:24.388-06:00&amp#27;[0;39m &amp#27;[32mDEBUG&amp#27;[0;39m &amp#27;[35m4020&amp#27;[0;39m &amp#27;[2m---&amp#27;[0;39m &amp#27;[2m[ApiInventarioMini] [           main]&amp#27;[0;39m &amp#27;[2m&amp#27;[0;39m&amp#27;[36morg.hibernate.type.BasicTypeRegistry    &amp#27;[0;39m &amp#27;[2m:&amp#27;[0;39m Adding type registration short -> org.hibernate.type.BasicTypeReference@d3e3085
&amp#27;[2m2024-06-29T19:03:24.388-06:00&amp#27;[0;39m &amp#27;[32mDEBUG&amp#27;[0;39m &amp#27;[35m4020&amp#27;[0;39m &amp#27;[2m---&amp#27;[0;39m &amp#27;[2m[ApiInventarioMini] [           main]&amp#27;[0;39m &amp#27;[2m&amp#27;[0;39m&amp#27;[36morg.hibernate.type.BasicTypeRegistry    &amp#27;[0;39m &amp#27;[2m:&amp#27;[0;39m Adding type registration java.lang.Short -> org.hibernate.type.BasicTypeReference@d3e3085
&amp#27;[2m2024-06-29T19:03:24.388-06:00&amp#27;[0;39m &amp#27;[32mDEBUG&amp#27;[0;39m &amp#27;[35m4020&amp#27;[0;39m &amp#27;[2m---&amp#27;[0;39m &amp#27;[2m[ApiInventarioMini] [           main]&amp#27;[0;39m &amp#27;[2m&amp#27;[0;39m&amp#27;[36morg.hibernate.type.BasicTypeRegistry    &amp#27;[0;39m &amp#27;[2m:&amp#27;[0;39m Adding type registration integer -> org.hibernate.type.BasicTypeReference@2ba42204
&amp#27;[2m2024-06-29T19:03:24.388-06:00&amp#27;[0;39m &amp#27;[32mDEBUG&amp#27;[0;39m &amp#27;[35m4020&amp#27;[0;39m &amp#27;[2m---&amp#27;[0;39m &amp#27;[2m[ApiInventarioMini] [           main]&amp#27;[0;39m &amp#27;[2m&amp#27;[0;39m&amp#27;[36morg.hibernate.type.BasicTypeRegistry    &amp#27;[0;39m &amp#27;[2m:&amp#27;[0;39m Adding type registration int -> org.hibernate.type.BasicTypeReference@2ba42204
&amp#27;[2m2024-06-29T19:03:24.388-06:00&amp#27;[0;39m &amp#27;[32mDEBUG&amp#27;[0;39m &amp#27;[35m4020&amp#27;[0;39m &amp#27;[2m---&amp#27;[0;39m &amp#27;[2m[ApiInventarioMini] [           main]&amp#27;[0;39m &amp#27;[2m&amp#27;[0;39m&amp#27;[36morg.hibernate.type.BasicTypeRegistry    &amp#27;[0;39m &amp#27;[2m:&amp#27;[0;39m Adding type registration java.lang.Integer -> org.hibernate.type.BasicTypeReference@2ba42204
&amp#27;[2m2024-06-29T19:03:24.388-06:00&amp#27;[0;39m &amp#27;[32mDEBUG&amp#27;[0;39m &amp#27;[35m4020&amp#27;[0;39m &amp#27;[2m---&amp#27;[0;39m &amp#27;[2m[ApiInventarioMini] [           main]&amp#27;[0;39m &amp#27;[2m&amp#27;[0;39m&amp#27;[36morg.hibernate.type.BasicTypeRegistry    &amp#27;[0;39m &amp#27;[2m:&amp#27;[0;39m Adding type registration long -> org.hibernate.type.BasicTypeReference@285005b8
&amp#27;[2m2024-06-29T19:03:24.388-06:00&amp#27;[0;39m &amp#27;[32mDEBUG&amp#27;[0;39m &amp#27;[35m4020&amp#27;[0;39m &amp#27;[2m---&amp#27;[0;39m &amp#27;[2m[ApiInventarioMini] [           main]&amp#27;[0;39m &amp#27;[2m&amp#27;[0;39m&amp#27;[36morg.hibernate.type.BasicTypeRegistry    &amp#27;[0;39m &amp#27;[2m:&amp#27;[0;39m Adding type registration long -> org.hibernate.type.BasicTypeReference@285005b8
&amp#27;[2m2024-06-29T19:03:24.388-06:00&amp#27;[0;39m &amp#27;[32mDEBUG&amp#27;[0;39m &amp#27;[35m4020&amp#27;[0;39m &amp#27;[2m---&amp#27;[0;39m &amp#27;[2m[ApiInventarioMini] [           main]&amp#27;[0;39m &amp#27;[2m&amp#27;[0;39m&amp#27;[36morg.hibernate.type.BasicTypeRegistry    &amp#27;[0;39m &amp#27;[2m:&amp#27;[0;39m Adding type registration java.lang.Long -> org.hibernate.type.BasicTypeReference@285005b8
&amp#27;[2m2024-06-29T19:03:24.388-06:00&amp#27;[0;39m &amp#27;[32mDEBUG&amp#27;[0;39m &amp#27;[35m4020&amp#27;[0;39m &amp#27;[2m---&amp#27;[0;39m &amp#27;[2m[ApiInventarioMini] [           main]&amp#27;[0;39m &amp#27;[2m&amp#27;[0;39m&amp#27;[36morg.hibernate.type.BasicTypeRegistry    &amp#27;[0;39m &amp#27;[2m:&amp#27;[0;39m Adding type registration float -> org.hibernate.type.BasicTypeReference@5b1efaaf
&amp#27;[2m2024-06-29T19:03:24.388-06:00&amp#27;[0;39m &amp#27;[32mDEBUG&amp#27;[0;39m &amp#27;[35m4020&amp#27;[0;39m &amp#27;[2m---&amp#27;[0;39m &amp#27;[2m[ApiInventarioMini] [           main]&amp#27;[0;39m &amp#27;[2m&amp#27;[0;39m&amp#27;[36morg.hibernate.type.BasicTypeRegistry    &amp#27;[0;39m &amp#27;[2m:&amp#27;[0;39m Adding type registration float -> org.hibernate.type.BasicTypeReference@5b1efaaf
&amp#27;[2m2024-06-29T19:03:24.388-06:00&amp#27;[0;39m &amp#27;[32mDEBUG&amp#27;[0;39m &amp#27;[35m4020&amp#27;[0;39m &amp#27;[2m---&amp#27;[0;39m &amp#27;[2m[ApiInventarioMini] [           main]&amp#27;[0;39m &amp#27;[2m&amp#27;[0;39m&amp#27;[36morg.hibernate.type.BasicTypeRegistry    &amp#27;[0;39m &amp#27;[2m:&amp#27;[0;39m Adding type registration java.lang.Float -> org.hibernate.type.BasicTypeReference@5b1efaaf
&amp#27;[2m2024-06-29T19:03:24.389-06:00&amp#27;[0;39m &amp#27;[32mDEBUG&amp#27;[0;39m &amp#27;[35m4020&amp#27;[0;39m &amp#27;[2m---&amp#27;[0;39m &amp#27;[2m[ApiInventarioMini] [           main]&amp#27;[0;39m &amp#27;[2m&amp#27;[0;39m&amp#27;[36morg.hibernate.type.BasicTypeRegistry    &amp#27;[0;39m &amp#27;[2m:&amp#27;[0;39m Adding type registration double -> org.hibernate.type.BasicTypeReference@27585351
&amp#27;[2m2024-06-29T19:03:24.389-06:00&amp#27;[0;39m &amp#27;[32mDEBUG&amp#27;[0;39m &amp#27;[35m4020&amp#27;[0;39m &amp#27;[2m---&amp#27;[0;39m &amp#27;[2m[ApiInventarioMini] [           main]&amp#27;[0;39m &amp#27;[2m&amp#27;[0;39m&amp#27;[36morg.hibernate.type.BasicTypeRegistry    &amp#27;[0;39m &amp#27;[2m:&amp#27;[0;39m Adding type registration double -> org.hibernate.type.BasicTypeReference@27585351
&amp#27;[2m2024-06-29T19:03:24.389-06:00&amp#27;[0;39m &amp#27;[32mDEBUG&amp#27;[0;39m &amp#27;[35m4020&amp#27;[0;39m &amp#27;[2m---&amp#27;[0;39m &amp#27;[2m[ApiInventarioMini] [           main]&amp#27;[0;39m &amp#27;[2m&amp#27;[0;39m&amp#27;[36morg.hibernate.type.BasicTypeRegistry    &amp#27;[0;39m &amp#27;[2m:&amp#27;[0;39m Adding type registration java.lang.Double -> org.hibernate.type.BasicTypeReference@27585351
&amp#27;[2m2024-06-29T19:03:24.389-06:00&amp#27;[0;39m &amp#27;[32mDEBUG&amp#27;[0;39m &amp#27;[35m4020&amp#27;[0;39m &amp#27;[2m---&amp#27;[0;39m &amp#27;[2m[ApiInventarioMini] [           main]&amp#27;[0;39m &amp#27;[2m&amp#27;[0;39m&amp#27;[36morg.hibernate.type.BasicTypeRegistry    &amp#27;[0;39m &amp#27;[2m:&amp#27;[0;39m Adding type registration big_integer -> org.hibernate.type.BasicTypeReference@2de6f1bc
&amp#27;[2m2024-06-29T19:03:24.389-06:00&amp#27;[0;39m &amp#27;[32mDEBUG&amp#27;[0;39m &amp#27;[35m4020&amp#27;[0;39m &amp#27;[2m---&amp#27;[0;39m &amp#27;[2m[ApiInventarioMini] [           main]&amp#27;[0;39m &amp#27;[2m&amp#27;[0;39m&amp#27;[36morg.hibernate.type.BasicTypeRegistry    &amp#27;[0;39m &amp#27;[2m:&amp#27;[0;39m Adding type registration java.math.BigInteger -> org.hibernate.type.BasicTypeReference@2de6f1bc
&amp#27;[2m2024-06-29T19:03:24.389-06:00&amp#27;[0;39m &amp#27;[32mDEBUG&amp#27;[0;39m &amp#27;[35m4020&amp#27;[0;39m &amp#27;[2m---&amp#27;[0;39m &amp#27;[2m[ApiInventarioMini] [           main]&amp#27;[0;39m &amp#27;[2m&amp#27;[0;39m&amp#27;[36morg.hibernate.type.BasicTypeRegistry    &amp#27;[0;39m &amp#27;[2m:&amp#27;[0;39m Adding type registration big_decimal -> org.hibernate.type.BasicTypeReference@5b35c7d
&amp#27;[2m2024-06-29T19:03:24.389-06:00&amp#27;[0;39m &amp#27;[32mDEBUG&amp#27;[0;39m &amp#27;[35m4020&amp#27;[0;39m &amp#27;[2m---&amp#27;[0;39m &amp#27;[2m[ApiInventarioMini] [           main]&amp#27;[0;39m &amp#27;[2m&amp#27;[0;39m&amp#27;[36morg.hibernate.type.BasicTypeRegistry    &amp#27;[0;39m &amp#27;[2m:&amp#27;[0;39m Adding type registration java.math.BigDecimal -> org.hibernate.type.BasicTypeReference@5b35c7d
&amp#27;[2m2024-06-29T19:03:24.389-06:00&amp#27;[0;39m &amp#27;[32mDEBUG&amp#27;[0;39m &amp#27;[35m4020&amp#27;[0;39m &amp#27;[2m---&amp#27;[0;39m &amp#27;[2m[ApiInventarioMini] [           main]&amp#27;[0;39m &amp#27;[2m&amp#27;[0;39m&amp#27;[36morg.hibernate.type.BasicTypeRegistry    &amp#27;[0;39m &amp#27;[2m:&amp#27;[0;39m Adding type registration character -> org.hibernate.type.BasicTypeReference@29d405e6
&amp#27;[2m2024-06-29T19:03:24.389-06:00&amp#27;[0;39m &amp#27;[32mDEBUG&amp#27;[0;39m &amp#27;[35m4020&amp#27;[0;39m &amp#27;[2m---&amp#27;[0;39m &amp#27;[2m[ApiInventarioMini] [           main]&amp#27;[0;39m &amp#27;[2m&amp#27;[0;39m&amp#27;[36morg.hibernate.type.BasicTypeRegistry    &amp#27;[0;39m &amp#27;[2m:&amp#27;[0;39m Adding type registration char -> org.hibernate.type.BasicTypeReference@29d405e6
&amp#27;[2m2024-06-29T19:03:24.389-06:00&amp#27;[0;39m &amp#27;[32mDEBUG&amp#27;[0;39m &amp#27;[35m4020&amp#27;[0;39m &amp#27;[2m---&amp#27;[0;39m &amp#27;[2m[ApiInventarioMini] [           main]&amp#27;[0;39m &amp#27;[2m&amp#27;[0;39m&amp#27;[36morg.hibernate.type.BasicTypeRegistry    &amp#27;[0;39m &amp#27;[2m:&amp#27;[0;39m Adding type registration java.lang.Character -> org.hibernate.type.BasicTypeReference@29d405e6
&amp#27;[2m2024-06-29T19:03:24.389-06:00&amp#27;[0;39m &amp#27;[32mDEBUG&amp#27;[0;39m &amp#27;[35m4020&amp#27;[0;39m &amp#27;[2m---&amp#27;[0;39m &amp#27;[2m[ApiInventarioMini] [           main]&amp#27;[0;39m &amp#27;[2m&amp#27;[0;39m&amp#27;[36morg.hibernate.type.BasicTypeRegistry    &amp#27;[0;39m &amp#27;[2m:&amp#27;[0;39m Adding type registration character_nchar -> org.hibernate.type.BasicTypeReference@4c731956
&amp#27;[2m2024-06-29T19:03:24.389-06:00&amp#27;[0;39m &amp#27;[32mDEBUG&amp#27;[0;39m &amp#27;[35m4020&amp#27;[0;39m &amp#27;[2m---&amp#27;[0;39m &amp#27;[2m[ApiInventarioMini] [           main]&amp#27;[0;39m &amp#27;[2m&amp#27;[0;39m&amp#27;[36morg.hibernate.type.BasicTypeRegistry    &amp#27;[0;39m &amp#27;[2m:&amp#27;[0;39m Adding type registration string -> org.hibernate.type.BasicTypeReference@56826a75
&amp#27;[2m2024-06-29T19:03:24.389-06:00&amp#27;[0;39m &amp#27;[32mDEBUG&amp#27;[0;39m &amp#27;[35m4020&amp#27;[0;39m &amp#27;[2m---&amp#27;[0;39m &amp#27;[2m[ApiInventarioMini] [           main]&amp#27;[0;39m &amp#27;[2m&amp#27;[0;39m&amp#27;[36morg.hibernate.type.BasicTypeRegistry    &amp#27;[0;39m &amp#27;[2m:&amp#27;[0;39m Adding type registration java.lang.String -> org.hibernate.type.BasicTypeReference@56826a75
&amp#27;[2m2024-06-29T19:03:24.389-06:00&amp#27;[0;39m &amp#27;[32mDEBUG&amp#27;[0;39m &amp#27;[35m4020&amp#27;[0;39m &amp#27;[2m---&amp#27;[0;39m &amp#27;[2m[ApiInventarioMini] [           main]&amp#27;[0;39m &amp#27;[2m&amp#27;[0;39m&amp#27;[36morg.hibernate.type.BasicTypeRegistry    &amp#27;[0;39m &amp#27;[2m:&amp#27;[0;39m Adding type registration nstring -> org.hibernate.type.BasicTypeReference@49cd946c
&amp#27;[2m2024-06-29T19:03:24.389-06:00&amp#27;[0;39m &amp#27;[32mDEBUG&amp#27;[0;39m &amp#27;[35m4020&amp#27;[0;39m &amp#27;[2m---&amp#27;[0;39m &amp#27;[2m[ApiInventarioMini] [           main]&amp#27;[0;39m &amp#27;[2m&amp#27;[0;39m&amp#27;[36morg.hibernate.type.BasicTypeRegistry    &amp#27;[0;39m &amp#27;[2m:&amp#27;[0;39m Adding type registration characters -> org.hibernate.type.BasicTypeReference@40bf4386
&amp#27;[2m2024-06-29T19:03:24.389-06:00&amp#27;[0;39m &amp#27;[32mDEBUG&amp#27;[0;39m &amp#27;[35m4020&amp#27;[0;39m &amp#27;[2m---&amp#27;[0;39m &amp#27;[2m[ApiInventarioMini] [           main]&amp#27;[0;39m &amp#27;[2m&amp#27;[0;39m&amp#27;[36morg.hibernate.type.BasicTypeRegistry    &amp#27;[0;39m &amp#27;[2m:&amp#27;[0;39m Adding type registration char[] -> org.hibernate.type.BasicTypeReference@40bf4386
&amp#27;[2m2024-06-29T19:03:24.389-06:00&amp#27;[0;39m &amp#27;[32mDEBUG&amp#27;[0;39m &amp#27;[35m4020&amp#27;[0;39m &amp#27;[2m---&amp#27;[0;39m &amp#27;[2m[ApiInventarioMini] [           main]&amp#27;[0;39m &amp#27;[2m&amp#27;[0;39m&amp#27;[36morg.hibernate.type.BasicTypeRegistry    &amp#27;[0;39m &amp#27;[2m:&amp#27;[0;39m Adding type registration [C -> org.hibernate.type.BasicTypeReference@40bf4386
&amp#27;[2m2024-06-29T19:03:24.390-06:00&amp#27;[0;39m &amp#27;[32mDEBUG&amp#27;[0;39m &amp#27;[35m4020&amp#27;[0;39m &amp#27;[2m---&amp#27;[0;39m &amp#27;[2m[ApiInventarioMini] [           main]&amp#27;[0;39m &amp#27;[2m&amp#27;[0;39m&amp#27;[36morg.hibernate.type.BasicTypeRegistry    &amp#27;[0;39m &amp#27;[2m:&amp#27;[0;39m Adding type registration wrapper-characters -> org.hibernate.type.BasicTypeReference@14d25b6e
&amp#27;[2m2024-06-29T19:03:24.390-06:00&amp#27;[0;39m &amp#27;[32mDEBUG&amp#27;[0;39m &amp#27;[35m4020&amp#27;[0;39m &amp#27;[2m---&amp#27;[0;39m &amp#27;[2m[ApiInventarioMini] [           main]&amp#27;[0;39m &amp#27;[2m&amp#27;[0;39m&amp#27;[36morg.hibernate.type.BasicTypeRegistry    &amp#27;[0;39m &amp#27;[2m:&amp#27;[0;39m Adding type registration text -> org.hibernate.type.BasicTypeReference@51c65a43
&amp#27;[2m2024-06-29T19:03:24.390-06:00&amp#27;[0;39m &amp#27;[32mDEBUG&amp#27;[0;39m &amp#27;[35m4020&amp#27;[0;39m &amp#27;[2m---&amp#27;[0;39m &amp#27;[2m[ApiInventarioMini] [           main]&amp#27;[0;39m &amp#27;[2m&amp#27;[0;39m&amp#27;[36morg.hibernate.type.BasicTypeRegistry    &amp#27;[0;39m &amp#27;[2m:&amp#27;[0;39m Adding type registration ntext -> org.hibernate.type.BasicTypeReference@740dcae3
&amp#27;[2m2024-06-29T19:03:24.390-06:00&amp#27;[0;39m &amp#27;[32mDEBUG&amp#27;[0;39m &amp#27;[35m4020&amp#27;[0;39m &amp#27;[2m---&amp#27;[0;39m &amp#27;[2m[ApiInventarioMini] [           main]&amp#27;[0;39m &amp#27;[2m&amp#27;[0;39m&amp#27;[36morg.hibernate.type.BasicTypeRegistry    &amp#27;[0;39m &amp#27;[2m:&amp#27;[0;39m Adding type registration clob -> org.hibernate.type.BasicTypeReference@4e140497
&amp#27;[2m2024-06-29T19:03:24.390-06:00&amp#27;[0;39m &amp#27;[32mDEBUG&amp#27;[0;39m &amp#27;[35m4020&amp#27;[0;39m &amp#27;[2m---&amp#27;[0;39m &amp#27;[2m[ApiInventarioMini] [           main]&amp#27;[0;39m &amp#27;[2m&amp#27;[0;39m&amp#27;[36morg.hibernate.type.BasicTypeRegistry    &amp#27;[0;39m &amp#27;[2m:&amp#27;[0;39m Adding type registration java.sql.Clob -> org.hibernate.type.BasicTypeReference@4e140497
&amp#27;[2m2024-06-29T19:03:24.390-06:00&amp#27;[0;39m &amp#27;[32mDEBUG&amp#27;[0;39m &amp#27;[35m4020&amp#27;[0;39m &amp#27;[2m---&amp#27;[0;39m &amp#27;[2m[ApiInventarioMini] [           main]&amp#27;[0;39m &amp#27;[2m&amp#27;[0;39m&amp#27;[36morg.hibernate.type.BasicTypeRegistry    &amp#27;[0;39m &amp#27;[2m:&amp#27;[0;39m Adding type registration nclob -> org.hibernate.type.BasicTypeReference@481b2f10
&amp#27;[2m2024-06-29T19:03:24.390-06:00&amp#27;[0;39m &amp#27;[32mDEBUG&amp#27;[0;39m &amp#27;[35m4020&amp#27;[0;39m &amp#27;[2m---&amp#27;[0;39m &amp#27;[2m[ApiInventarioMini] [           main]&amp#27;[0;39m &amp#27;[2m&amp#27;[0;39m&amp#27;[36morg.hibernate.type.BasicTypeRegistry    &amp#27;[0;39m &amp#27;[2m:&amp#27;[0;39m Adding type registration java.sql.NClob -> org.hibernate.type.BasicTypeReference@481b2f10
&amp#27;[2m2024-06-29T19:03:24.390-06:00&amp#27;[0;39m &amp#27;[32mDEBUG&amp#27;[0;39m &amp#27;[35m4020&amp#27;[0;39m &amp#27;[2m---&amp#27;[0;39m &amp#27;[2m[ApiInventarioMini] [           main]&amp#27;[0;39m &amp#27;[2m&amp#27;[0;39m&amp#27;[36morg.hibernate.type.BasicTypeRegistry    &amp#27;[0;39m &amp#27;[2m:&amp#27;[0;39m Adding type registration materialized_clob -> org.hibernate.type.BasicTypeReference@2b6c7012
&amp#27;[2m2024-06-29T19:03:24.390-06:00&amp#27;[0;39m &amp#27;[32mDEBUG&amp#27;[0;39m &amp#27;[35m4020&amp#27;[0;39m &amp#27;[2m---&amp#27;[0;39m &amp#27;[2m[ApiInventarioMini] [           main]&amp#27;[0;39m &amp#27;[2m&amp#27;[0;39m&amp#27;[36morg.hibernate.type.BasicTypeRegistry    &amp#27;[0;39m &amp#27;[2m:&amp#27;[0;39m Adding type registration materialized_clob_char_array -> org.hibernate.type.BasicTypeReference@31acfd4e
&amp#27;[2m2024-06-29T19:03:24.390-06:00&amp#27;[0;39m &amp#27;[32mDEBUG&amp#27;[0;39m &amp#27;[35m4020&amp#27;[0;39m &amp#27;[2m---&amp#27;[0;39m &amp#27;[2m[ApiInventarioMini] [           main]&amp#27;[0;39m &amp#27;[2m&amp#27;[0;39m&amp#27;[36morg.hibernate.type.BasicTypeRegistry    &amp#27;[0;39m &amp#27;[2m:&amp#27;[0;39m Adding type registration materialized_clob_character_array -> org.hibernate.type.BasicTypeReference@5f726750
&amp#27;[2m2024-06-29T19:03:24.390-06:00&amp#27;[0;39m &amp#27;[32mDEBUG&amp#27;[0;39m &amp#27;[35m4020&amp#27;[0;39m &amp#27;[2m---&amp#27;[0;39m &amp#27;[2m[ApiInventarioMini] [           main]&amp#27;[0;39m &amp#27;[2m&amp#27;[0;39m&amp#27;[36morg.hibernate.type.BasicTypeRegistry    &amp#27;[0;39m &amp#27;[2m:&amp#27;[0;39m Adding type registration materialized_nclob -> org.hibernate.type.BasicTypeReference@4e80a001
&amp#27;[2m2024-06-29T19:03:24.390-06:00&amp#27;[0;39m &amp#27;[32mDEBUG&amp#27;[0;39m &amp#27;[35m4020&amp#27;[0;39m &amp#27;[2m---&amp#27;[0;39m &amp#27;[2m[ApiInventarioMini] [           main]&amp#27;[0;39m &amp#27;[2m&amp#27;[0;39m&amp#27;[36morg.hibernate.type.BasicTypeRegistry    &amp#27;[0;39m &amp#27;[2m:&amp#27;[0;39m Adding type registration materialized_nclob_character_array -> org.hibernate.type.BasicTypeReference@624b523
&amp#27;[2m2024-06-29T19:03:24.390-06:00&amp#27;[0;39m &amp#27;[32mDEBUG&amp#27;[0;39m &amp#27;[35m4020&amp#27;[0;39m &amp#27;[2m---&amp#27;[0;39m &amp#27;[2m[ApiInventarioMini] [           main]&amp#27;[0;39m &amp#27;[2m&amp#27;[0;39m&amp#27;[36morg.hibernate.type.BasicTypeRegistry    &amp#27;[0;39m &amp#27;[2m:&amp#27;[0;39m Adding type registration materialized_nclob_char_array -> org.hibernate.type.BasicTypeReference@50b46e24
&amp#27;[2m2024-06-29T19:03:24.390-06:00&amp#27;[0;39m &amp#27;[32mDEBUG&amp#27;[0;39m &amp#27;[35m4020&amp#27;[0;39m &amp#27;[2m---&amp#27;[0;39m &amp#27;[2m[ApiInventarioMini] [           main]&amp#27;[0;39m &amp#27;[2m&amp#27;[0;39m&amp#27;[36morg.hibernate.type.BasicTypeRegistry    &amp#27;[0;39m &amp#27;[2m:&amp#27;[0;39m Adding type registration Duration -> org.hibernate.type.BasicTypeReference@1c30cb85
&amp#27;[2m2024-06-29T19:03:24.390-06:00&amp#27;[0;39m &amp#27;[32mDEBUG&amp#27;[0;39m &amp#27;[35m4020&amp#27;[0;39m &amp#27;[2m---&amp#27;[0;39m &amp#27;[2m[ApiInventarioMini] [           main]&amp#27;[0;39m &amp#27;[2m&amp#27;[0;39m&amp#27;[36morg.hibernate.type.BasicTypeRegistry    &amp#27;[0;39m &amp#27;[2m:&amp#27;[0;39m Adding type registration java.time.Duration -> org.hibernate.type.BasicTypeReference@1c30cb85
&amp#27;[2m2024-06-29T19:03:24.390-06:00&amp#27;[0;39m &amp#27;[32mDEBUG&amp#27;[0;39m &amp#27;[35m4020&amp#27;[0;39m &amp#27;[2m---&amp#27;[0;39m &amp#27;[2m[ApiInventarioMini] [           main]&amp#27;[0;39m &amp#27;[2m&amp#27;[0;39m&amp#27;[36morg.hibernate.type.BasicTypeRegistry    &amp#27;[0;39m &amp#27;[2m:&amp#27;[0;39m Adding type registration LocalDateTime -> org.hibernate.type.BasicTypeReference@577bf0aa
&amp#27;[2m2024-06-29T19:03:24.390-06:00&amp#27;[0;39m &amp#27;[32mDEBUG&amp#27;[0;39m &amp#27;[35m4020&amp#27;[0;39m &amp#27;[2m---&amp#27;[0;39m &amp#27;[2m[ApiInventarioMini] [           main]&amp#27;[0;39m &amp#27;[2m&amp#27;[0;39m&amp#27;[36morg.hibernate.type.BasicTypeRegistry    &amp#27;[0;39m &amp#27;[2m:&amp#27;[0;39m Adding type registration java.time.LocalDateTime -> org.hibernate.type.BasicTypeReference@577bf0aa
&amp#27;[2m2024-06-29T19:03:24.390-06:00&amp#27;[0;39m &amp#27;[32mDEBUG&amp#27;[0;39m &amp#27;[35m4020&amp#27;[0;39m &amp#27;[2m---&amp#27;[0;39m &amp#27;[2m[ApiInventarioMini] [           main]&amp#27;[0;39m &amp#27;[2m&amp#27;[0;39m&amp#27;[36morg.hibernate.type.BasicTypeRegistry    &amp#27;[0;39m &amp#27;[2m:&amp#27;[0;39m Adding type registration LocalDate -> org.hibernate.type.BasicTypeReference@7455dacb
&amp#27;[2m2024-06-29T19:03:24.390-06:00&amp#27;[0;39m &amp#27;[32mDEBUG&amp#27;[0;39m &amp#27;[35m4020&amp#27;[0;39m &amp#27;[2m---&amp#27;[0;39m &amp#27;[2m[ApiInventarioMini] [           main]&amp#27;[0;39m &amp#27;[2m&amp#27;[0;39m&amp#27;[36morg.hibernate.type.BasicTypeRegistry    &amp#27;[0;39m &amp#27;[2m:&amp#27;[0;39m Adding type registration java.time.LocalDate -> org.hibernate.type.BasicTypeReference@7455dacb
&amp#27;[2m2024-06-29T19:03:24.390-06:00&amp#27;[0;39m &amp#27;[32mDEBUG&amp#27;[0;39m &amp#27;[35m4020&amp#27;[0;39m &amp#27;[2m---&amp#27;[0;39m &amp#27;[2m[ApiInventarioMini] [           main]&amp#27;[0;39m &amp#27;[2m&amp#27;[0;39m&amp#27;[36morg.hibernate.type.BasicTypeRegistry    &amp#27;[0;39m &amp#27;[2m:&amp#27;[0;39m Adding type registration LocalTime -> org.hibernate.type.BasicTypeReference@7634f2b
&amp#27;[2m2024-06-29T19:03:24.390-06:00&amp#27;[0;39m &amp#27;[32mDEBUG&amp#27;[0;39m &amp#27;[35m4020&amp#27;[0;39m &amp#27;[2m---&amp#27;[0;39m &amp#27;[2m[ApiInventarioMini] [           main]&amp#27;[0;39m &amp#27;[2m&amp#27;[0;39m&amp#27;[36morg.hibernate.type.BasicTypeRegistry    &amp#27;[0;39m &amp#27;[2m:&amp#27;[0;39m Adding type registration java.time.LocalTime -> org.hibernate.type.BasicTypeReference@7634f2b
&amp#27;[2m2024-06-29T19:03:24.390-06:00&amp#27;[0;39m &amp#27;[32mDEBUG&amp#27;[0;39m &amp#27;[35m4020&amp#27;[0;39m &amp#27;[2m---&amp#27;[0;39m &amp#27;[2m[ApiInventarioMini] [           main]&amp#27;[0;39m &amp#27;[2m&amp#27;[0;39m&amp#27;[36morg.hibernate.type.BasicTypeRegistry    &amp#27;[0;39m &amp#27;[2m:&amp#27;[0;39m Adding type registration OffsetDateTime -> org.hibernate.type.BasicTypeReference@1d15c0a1
&amp#27;[2m2024-06-29T19:03:24.391-06:00&amp#27;[0;39m &amp#27;[32mDEBUG&amp#27;[0;39m &amp#27;[35m4020&amp#27;[0;39m &amp#27;[2m---&amp#27;[0;39m &amp#27;[2m[ApiInventarioMini] [           main]&amp#27;[0;39m &amp#27;[2m&amp#27;[0;39m&amp#27;[36morg.hibernate.type.BasicTypeRegistry    &amp#27;[0;39m &amp#27;[2m:&amp#27;[0;39m Adding type registration java.time.OffsetDateTime -> org.hibernate.type.BasicTypeReference@1d15c0a1
&amp#27;[2m2024-06-29T19:03:24.391-06:00&amp#27;[0;39m &amp#27;[32mDEBUG&amp#27;[0;39m &amp#27;[35m4020&amp#27;[0;39m &amp#27;[2m---&amp#27;[0;39m &amp#27;[2m[ApiInventarioMini] [           main]&amp#27;[0;39m &amp#27;[2m&amp#27;[0;39m&amp#27;[36morg.hibernate.type.BasicTypeRegistry    &amp#27;[0;39m &amp#27;[2m:&amp#27;[0;39m Adding type registration OffsetDateTimeWithTimezone -> org.hibernate.type.BasicTypeReference@15639d09
&amp#27;[2m2024-06-29T19:03:24.391-06:00&amp#27;[0;39m &amp#27;[32mDEBUG&amp#27;[0;39m &amp#27;[35m4020&amp#27;[0;39m &amp#27;[2m---&amp#27;[0;39m &amp#27;[2m[ApiInventarioMini] [           main]&amp#27;[0;39m &amp#27;[2m&amp#27;[0;39m&amp#27;[36morg.hibernate.type.BasicTypeRegistry    &amp#27;[0;39m &amp#27;[2m:&amp#27;[0;39m Adding type registration OffsetDateTimeWithoutTimezone -> org.hibernate.type.BasicTypeReference@4fba8eec
&amp#27;[2m2024-06-29T19:03:24.391-06:00&amp#27;[0;39m &amp#27;[32mDEBUG&amp#27;[0;39m &amp#27;[35m4020&amp#27;[0;39m &amp#27;[2m---&amp#27;[0;39m &amp#27;[2m[ApiInventarioMini] [           main]&amp#27;[0;39m &amp#27;[2m&amp#27;[0;39m&amp#27;[36morg.hibernate.type.BasicTypeRegistry    &amp#27;[0;39m &amp#27;[2m:&amp#27;[0;39m Adding type registration OffsetTime -> org.hibernate.type.BasicTypeReference@52bd9a27
&amp#27;[2m2024-06-29T19:03:24.391-06:00&amp#27;[0;39m &amp#27;[32mDEBUG&amp#27;[0;39m &amp#27;[35m4020&amp#27;[0;39m &amp#27;[2m---&amp#27;[0;39m &amp#27;[2m[ApiInventarioMini] [           main]&amp#27;[0;39m &amp#27;[2m&amp#27;[0;39m&amp#27;[36morg.hibernate.type.BasicTypeRegistry    &amp#27;[0;39m &amp#27;[2m:&amp#27;[0;39m Adding type registration java.time.OffsetTime -> org.hibernate.type.BasicTypeReference@52bd9a27
&amp#27;[2m2024-06-29T19:03:24.391-06:00&amp#27;[0;39m &amp#27;[32mDEBUG&amp#27;[0;39m &amp#27;[35m4020&amp#27;[0;39m &amp#27;[2m---&amp#27;[0;39m &amp#27;[2m[ApiInventarioMini] [           main]&amp#27;[0;39m &amp#27;[2m&amp#27;[0;39m&amp#27;[36morg.hibernate.type.BasicTypeRegistry    &amp#27;[0;39m &amp#27;[2m:&amp#27;[0;39m Adding type registration OffsetTimeUtc -> org.hibernate.type.BasicTypeReference@611e5819
&amp#27;[2m2024-06-29T19:03:24.391-06:00&amp#27;[0;39m &amp#27;[32mDEBUG&amp#27;[0;39m &amp#27;[35m4020&amp#27;[0;39m &amp#27;[2m---&amp#27;[0;39m &amp#27;[2m[ApiInventarioMini] [           main]&amp#27;[0;39m &amp#27;[2m&amp#27;[0;39m&amp#27;[36morg.hibernate.type.BasicTypeRegistry    &amp#27;[0;39m &amp#27;[2m:&amp#27;[0;39m Adding type registration OffsetTimeWithTimezone -> org.hibernate.type.BasicTypeReference@681c0ae6
&amp#27;[2m2024-06-29T19:03:24.391-06:00&amp#27;[0;39m &amp#27;[32mDEBUG&amp#27;[0;39m &amp#27;[35m4020&amp#27;[0;39m &amp#27;[2m---&amp#27;[0;39m &amp#27;[2m[ApiInventarioMini] [           main]&amp#27;[0;39m &amp#27;[2m&amp#27;[0;39m&amp#27;[36morg.hibernate.type.BasicTypeRegistry    &amp#27;[0;39m &amp#27;[2m:&amp#27;[0;39m Adding type registration OffsetTimeWithoutTimezone -> org.hibernate.type.BasicTypeReference@73ca34e7
&amp#27;[2m2024-06-29T19:03:24.391-06:00&amp#27;[0;39m &amp#27;[32mDEBUG&amp#27;[0;39m &amp#27;[35m4020&amp#27;[0;39m &amp#27;[2m---&amp#27;[0;39m &amp#27;[2m[ApiInventarioMini] [           main]&amp#27;[0;39m &amp#27;[2m&amp#27;[0;39m&amp#27;[36morg.hibernate.type.BasicTypeRegistry    &amp#27;[0;39m &amp#27;[2m:&amp#27;[0;39m Adding type registration ZonedDateTime -> org.hibernate.type.BasicTypeReference@4d98e41b
&amp#27;[2m2024-06-29T19:03:24.391-06:00&amp#27;[0;39m &amp#27;[32mDEBUG&amp#27;[0;39m &amp#27;[35m4020&amp#27;[0;39m &amp#27;[2m---&amp#27;[0;39m &amp#27;[2m[ApiInventarioMini] [           main]&amp#27;[0;39m &amp#27;[2m&amp#27;[0;39m&amp#27;[36morg.hibernate.type.BasicTypeRegistry    &amp#27;[0;39m &amp#27;[2m:&amp#27;[0;39m Adding type registration java.time.ZonedDateTime -> org.hibernate.type.BasicTypeReference@4d98e41b
&amp#27;[2m2024-06-29T19:03:24.391-06:00&amp#27;[0;39m &amp#27;[32mDEBUG&amp#27;[0;39m &amp#27;[35m4020&amp#27;[0;39m &amp#27;[2m---&amp#27;[0;39m &amp#27;[2m[ApiInventarioMini] [           main]&amp#27;[0;39m &amp#27;[2m&amp#27;[0;39m&amp#27;[36morg.hibernate.type.BasicTypeRegistry    &amp#27;[0;39m &amp#27;[2m:&amp#27;[0;39m Adding type registration ZonedDateTimeWithTimezone -> org.hibernate.type.BasicTypeReference@5ed5b321
&amp#27;[2m2024-06-29T19:03:24.391-06:00&amp#27;[0;39m &amp#27;[32mDEBUG&amp#27;[0;39m &amp#27;[35m4020&amp#27;[0;39m &amp#27;[2m---&amp#27;[0;39m &amp#27;[2m[ApiInventarioMini] [           main]&amp#27;[0;39m &amp#27;[2m&amp#27;[0;39m&amp#27;[36morg.hibernate.type.BasicTypeRegistry    &amp#27;[0;39m &amp#27;[2m:&amp#27;[0;39m Adding type registration ZonedDateTimeWithoutTimezone -> org.hibernate.type.BasicTypeReference@5696c927
&amp#27;[2m2024-06-29T19:03:24.391-06:00&amp#27;[0;39m &amp#27;[32mDEBUG&amp#27;[0;39m &amp#27;[35m4020&amp#27;[0;39m &amp#27;[2m---&amp#27;[0;39m &amp#27;[2m[ApiInventarioMini] [           main]&amp#27;[0;39m &amp#27;[2m&amp#27;[0;39m&amp#27;[36morg.hibernate.type.BasicTypeRegistry    &amp#27;[0;39m &amp#27;[2m:&amp#27;[0;39m Adding type registration date -> org.hibernate.type.BasicTypeReference@7459a21e
&amp#27;[2m2024-06-29T19:03:24.391-06:00&amp#27;[0;39m &amp#27;[32mDEBUG&amp#27;[0;39m &amp#27;[35m4020&amp#27;[0;39m &amp#27;[2m---&amp#27;[0;39m &amp#27;[2m[ApiInventarioMini] [           main]&amp#27;[0;39m &amp#27;[2m&amp#27;[0;39m&amp#27;[36morg.hibernate.type.BasicTypeRegistry    &amp#27;[0;39m &amp#27;[2m:&amp#27;[0;39m Adding type registration java.sql.Date -> org.hibernate.type.BasicTypeReference@7459a21e
&amp#27;[2m2024-06-29T19:03:24.391-06:00&amp#27;[0;39m &amp#27;[32mDEBUG&amp#27;[0;39m &amp#27;[35m4020&amp#27;[0;39m &amp#27;[2m---&amp#27;[0;39m &amp#27;[2m[ApiInventarioMini] [           main]&amp#27;[0;39m &amp#27;[2m&amp#27;[0;39m&amp#27;[36morg.hibernate.type.BasicTypeRegistry    &amp#27;[0;39m &amp#27;[2m:&amp#27;[0;39m Adding type registration time -> org.hibernate.type.BasicTypeReference@7eeb38b2
&amp#27;[2m2024-06-29T19:03:24.391-06:00&amp#27;[0;39m &amp#27;[32mDEBUG&amp#27;[0;39m &amp#27;[35m4020&amp#27;[0;39m &amp#27;[2m---&amp#27;[0;39m &amp#27;[2m[ApiInventarioMini] [           main]&amp#27;[0;39m &amp#27;[2m&amp#27;[0;39m&amp#27;[36morg.hibernate.type.BasicTypeRegistry    &amp#27;[0;39m &amp#27;[2m:&amp#27;[0;39m Adding type registration java.sql.Time -> org.hibernate.type.BasicTypeReference@7eeb38b2
&amp#27;[2m2024-06-29T19:03:24.391-06:00&amp#27;[0;39m &amp#27;[32mDEBUG&amp#27;[0;39m &amp#27;[35m4020&amp#27;[0;39m &amp#27;[2m---&amp#27;[0;39m &amp#27;[2m[ApiInventarioMini] [           main]&amp#27;[0;39m &amp#27;[2m&amp#27;[0;39m&amp#27;[36morg.hibernate.type.BasicTypeRegistry    &amp#27;[0;39m &amp#27;[2m:&amp#27;[0;39m Adding type registration timestamp -> org.hibernate.type.BasicTypeReference@d54d0f5
&amp#27;[2m2024-06-29T19:03:24.391-06:00&amp#27;[0;39m &amp#27;[32mDEBUG&amp#27;[0;39m &amp#27;[35m4020&amp#27;[0;39m &amp#27;[2m---&amp#27;[0;39m &amp#27;[2m[ApiInventarioMini] [           main]&amp#27;[0;39m &amp#27;[2m&amp#27;[0;39m&amp#27;[36morg.hibernate.type.BasicTypeRegistry    &amp#27;[0;39m &amp#27;[2m:&amp#27;[0;39m Adding type registration java.sql.Timestamp -> org.hibernate.type.BasicTypeReference@d54d0f5
&amp#27;[2m2024-06-29T19:03:24.391-06:00&amp#27;[0;39m &amp#27;[32mDEBUG&amp#27;[0;39m &amp#27;[35m4020&amp#27;[0;39m &amp#27;[2m---&amp#27;[0;39m &amp#27;[2m[ApiInventarioMini] [           main]&amp#27;[0;39m &amp#27;[2m&amp#27;[0;39m&amp#27;[36morg.hibernate.type.BasicTypeRegistry    &amp#27;[0;39m &amp#27;[2m:&amp#27;[0;39m Adding type registration java.util.Date -> org.hibernate.type.BasicTypeReference@d54d0f5
&amp#27;[2m2024-06-29T19:03:24.391-06:00&amp#27;[0;39m &amp#27;[32mDEBUG&amp#27;[0;39m &amp#27;[35m4020&amp#27;[0;39m &amp#27;[2m---&amp#27;[0;39m &amp#27;[2m[ApiInventarioMini] [           main]&amp#27;[0;39m &amp#27;[2m&amp#27;[0;39m&amp#27;[36morg.hibernate.type.BasicTypeRegistry    &amp#27;[0;39m &amp#27;[2m:&amp#27;[0;39m Adding type registration calendar -> org.hibernate.type.BasicTypeReference@6d6bff89
&amp#27;[2m2024-06-29T19:03:24.391-06:00&amp#27;[0;39m &amp#27;[32mDEBUG&amp#27;[0;39m &amp#27;[35m4020&amp#27;[0;39m &amp#27;[2m---&amp#27;[0;39m &amp#27;[2m[ApiInventarioMini] [           main]&amp#27;[0;39m &amp#27;[2m&amp#27;[0;39m&amp#27;[36morg.hibernate.type.BasicTypeRegistry    &amp#27;[0;39m &amp#27;[2m:&amp#27;[0;39m Adding type registration java.util.Calendar -> org.hibernate.type.BasicTypeReference@6d6bff89
&amp#27;[2m2024-06-29T19:03:24.391-06:00&amp#27;[0;39m &amp#27;[32mDEBUG&amp#27;[0;39m &amp#27;[35m4020&amp#27;[0;39m &amp#27;[2m---&amp#27;[0;39m &amp#27;[2m[ApiInventarioMini] [           main]&amp#27;[0;39m &amp#27;[2m&amp#27;[0;39m&amp#27;[36morg.hibernate.type.BasicTypeRegistry    &amp#27;[0;39m &amp#27;[2m:&amp#27;[0;39m Adding type registration java.util.GregorianCalendar -> org.hibernate.type.BasicTypeReference@6d6bff89
&amp#27;[2m2024-06-29T19:03:24.392-06:00&amp#27;[0;39m &amp#27;[32mDEBUG&amp#27;[0;39m &amp#27;[35m4020&amp#27;[0;39m &amp#27;[2m---&amp#27;[0;39m &amp#27;[2m[ApiInventarioMini] [           main]&amp#27;[0;39m &amp#27;[2m&amp#27;[0;39m&amp#27;[36morg.hibernate.type.BasicTypeRegistry    &amp#27;[0;39m &amp#27;[2m:&amp#27;[0;39m Adding type registration calendar_date -> org.hibernate.type.BasicTypeReference@541bf968
&amp#27;[2m2024-06-29T19:03:24.392-06:00&amp#27;[0;39m &amp#27;[32mDEBUG&amp#27;[0;39m &amp#27;[35m4020&amp#27;[0;39m &amp#27;[2m---&amp#27;[0;39m &amp#27;[2m[ApiInventarioMini] [           main]&amp#27;[0;39m &amp#27;[2m&amp#27;[0;39m&amp#27;[36morg.hibernate.type.BasicTypeRegistry    &amp#27;[0;39m &amp#27;[2m:&amp#27;[0;39m Adding type registration calendar_time -> org.hibernate.type.BasicTypeReference@58eac00e
&amp#27;[2m2024-06-29T19:03:24.392-06:00&amp#27;[0;39m &amp#27;[32mDEBUG&amp#27;[0;39m &amp#27;[35m4020&amp#27;[0;39m &amp#27;[2m---&amp#27;[0;39m &amp#27;[2m[ApiInventarioMini] [           main]&amp#27;[0;39m &amp#27;[2m&amp#27;[0;39m&amp#27;[36morg.hibernate.type.BasicTypeRegistry    &amp#27;[0;39m &amp#27;[2m:&amp#27;[0;39m Adding type registration instant -> org.hibernate.type.BasicTypeReference@6acffb2d
&amp#27;[2m2024-06-29T19:03:24.392-06:00&amp#27;[0;39m &amp#27;[32mDEBUG&amp#27;[0;39m &amp#27;[35m4020&amp#27;[0;39m &amp#27;[2m---&amp#27;[0;39m &amp#27;[2m[ApiInventarioMini] [           main]&amp#27;[0;39m &amp#27;[2m&amp#27;[0;39m&amp#27;[36morg.hibernate.type.BasicTypeRegistry    &amp#27;[0;39m &amp#27;[2m:&amp#27;[0;39m Adding type registration java.time.Instant -> org.hibernate.type.BasicTypeReference@6acffb2d
&amp#27;[2m2024-06-29T19:03:24.392-06:00&amp#27;[0;39m &amp#27;[32mDEBUG&amp#27;[0;39m &amp#27;[35m4020&amp#27;[0;39m &amp#27;[2m---&amp#27;[0;39m &amp#27;[2m[ApiInventarioMini] [           main]&amp#27;[0;39m &amp#27;[2m&amp#27;[0;39m&amp#27;[36morg.hibernate.type.BasicTypeRegistry    &amp#27;[0;39m &amp#27;[2m:&amp#27;[0;39m Adding type registration uuid -> org.hibernate.type.BasicTypeReference@61149fa5
&amp#27;[2m2024-06-29T19:03:24.392-06:00&amp#27;[0;39m &amp#27;[32mDEBUG&amp#27;[0;39m &amp#27;[35m4020&amp#27;[0;39m &amp#27;[2m---&amp#27;[0;39m &amp#27;[2m[ApiInventarioMini] [           main]&amp#27;[0;39m &amp#27;[2m&amp#27;[0;39m&amp#27;[36morg.hibernate.type.BasicTypeRegistry    &amp#27;[0;39m &amp#27;[2m:&amp#27;[0;39m Adding type registration java.util.UUID -> org.hibernate.type.BasicTypeReference@61149fa5
&amp#27;[2m2024-06-29T19:03:24.392-06:00&amp#27;[0;39m &amp#27;[32mDEBUG&amp#27;[0;39m &amp#27;[35m4020&amp#27;[0;39m &amp#27;[2m---&amp#27;[0;39m &amp#27;[2m[ApiInventarioMini] [           main]&amp#27;[0;39m &amp#27;[2m&amp#27;[0;39m&amp#27;[36morg.hibernate.type.BasicTypeRegistry    &amp#27;[0;39m &amp#27;[2m:&amp#27;[0;39m Adding type registration pg-uuid -> org.hibernate.type.BasicTypeReference@61149fa5
&amp#27;[2m2024-06-29T19:03:24.392-06:00&amp#27;[0;39m &amp#27;[32mDEBUG&amp#27;[0;39m &amp#27;[35m4020&amp#27;[0;39m &amp#27;[2m---&amp#27;[0;39m &amp#27;[2m[ApiInventarioMini] [           main]&amp#27;[0;39m &amp#27;[2m&amp#27;[0;39m&amp#27;[36morg.hibernate.type.BasicTypeRegistry    &amp#27;[0;39m &amp#27;[2m:&amp#27;[0;39m Adding type registration uuid-binary -> org.hibernate.type.BasicTypeReference@149c39b
&amp#27;[2m2024-06-29T19:03:24.392-06:00&amp#27;[0;39m &amp#27;[32mDEBUG&amp#27;[0;39m &amp#27;[35m4020&amp#27;[0;39m &amp#27;[2m---&amp#27;[0;39m &amp#27;[2m[ApiInventarioMini] [           main]&amp#27;[0;39m &amp#27;[2m&amp#27;[0;39m&amp#27;[36morg.hibernate.type.BasicTypeRegistry    &amp#27;[0;39m &amp#27;[2m:&amp#27;[0;39m Adding type registration uuid-char -> org.hibernate.type.BasicTypeReference@f2d890c
&amp#27;[2m2024-06-29T19:03:24.392-06:00&amp#27;[0;39m &amp#27;[32mDEBUG&amp#27;[0;39m &amp#27;[35m4020&amp#27;[0;39m &amp#27;[2m---&amp#27;[0;39m &amp#27;[2m[ApiInventarioMini] [           main]&amp#27;[0;39m &amp#27;[2m&amp#27;[0;39m&amp#27;[36morg.hibernate.type.BasicTypeRegistry    &amp#27;[0;39m &amp#27;[2m:&amp#27;[0;39m Adding type registration class -> org.hibernate.type.BasicTypeReference@1a2e0d57
&amp#27;[2m2024-06-29T19:03:24.392-06:00&amp#27;[0;39m &amp#27;[32mDEBUG&amp#27;[0;39m &amp#27;[35m4020&amp#27;[0;39m &amp#27;[2m---&amp#27;[0;39m &amp#27;[2m[ApiInventarioMini] [           main]&amp#27;[0;39m &amp#27;[2m&amp#27;[0;39m&amp#27;[36morg.hibernate.type.BasicTypeRegistry    &amp#27;[0;39m &amp#27;[2m:&amp#27;[0;39m Adding type registration java.lang.Class -> org.hibernate.type.BasicTypeReference@1a2e0d57
&amp#27;[2m2024-06-29T19:03:24.392-06:00&amp#27;[0;39m &amp#27;[32mDEBUG&amp#27;[0;39m &amp#27;[35m4020&amp#27;[0;39m &amp#27;[2m---&amp#27;[0;39m &amp#27;[2m[ApiInventarioMini] [           main]&amp#27;[0;39m &amp#27;[2m&amp#27;[0;39m&amp#27;[36morg.hibernate.type.BasicTypeRegistry    &amp#27;[0;39m &amp#27;[2m:&amp#27;[0;39m Adding type registration currency -> org.hibernate.type.BasicTypeReference@5f025000
&amp#27;[2m2024-06-29T19:03:24.392-06:00&amp#27;[0;39m &amp#27;[32mDEBUG&amp#27;[0;39m &amp#27;[35m4020&amp#27;[0;39m &amp#27;[2m---&amp#27;[0;39m &amp#27;[2m[ApiInventarioMini] [           main]&amp#27;[0;39m &amp#27;[2m&amp#27;[0;39m&amp#27;[36morg.hibernate.type.BasicTypeRegistry    &amp#27;[0;39m &amp#27;[2m:&amp#27;[0;39m Adding type registration Currency -> org.hibernate.type.BasicTypeReference@5f025000
&amp#27;[2m2024-06-29T19:03:24.392-06:00&amp#27;[0;39m &amp#27;[32mDEBUG&amp#27;[0;39m &amp#27;[35m4020&amp#27;[0;39m &amp#27;[2m---&amp#27;[0;39m &amp#27;[2m[ApiInventarioMini] [           main]&amp#27;[0;39m &amp#27;[2m&amp#27;[0;39m&amp#27;[36morg.hibernate.type.BasicTypeRegistry    &amp#27;[0;39m &amp#27;[2m:&amp#27;[0;39m Adding type registration java.util.Currency -> org.hibernate.type.BasicTypeReference@5f025000
&amp#27;[2m2024-06-29T19:03:24.392-06:00&amp#27;[0;39m &amp#27;[32mDEBUG&amp#27;[0;39m &amp#27;[35m4020&amp#27;[0;39m &amp#27;[2m---&amp#27;[0;39m &amp#27;[2m[ApiInventarioMini] [           main]&amp#27;[0;39m &amp#27;[2m&amp#27;[0;39m&amp#27;[36morg.hibernate.type.BasicTypeRegistry    &amp#27;[0;39m &amp#27;[2m:&amp#27;[0;39m Adding type registration locale -> org.hibernate.type.BasicTypeReference@10980560
&amp#27;[2m2024-06-29T19:03:24.392-06:00&amp#27;[0;39m &amp#27;[32mDEBUG&amp#27;[0;39m &amp#27;[35m4020&amp#27;[0;39m &amp#27;[2m---&amp#27;[0;39m &amp#27;[2m[ApiInventarioMini] [           main]&amp#27;[0;39m &amp#27;[2m&amp#27;[0;39m&amp#27;[36morg.hibernate.type.BasicTypeRegistry    &amp#27;[0;39m &amp#27;[2m:&amp#27;[0;39m Adding type registration java.util.Locale -> org.hibernate.type.BasicTypeReference@10980560
&amp#27;[2m2024-06-29T19:03:24.392-06:00&amp#27;[0;39m &amp#27;[32mDEBUG&amp#27;[0;39m &amp#27;[35m4020&amp#27;[0;39m &amp#27;[2m---&amp#27;[0;39m &amp#27;[2m[ApiInventarioMini] [           main]&amp#27;[0;39m &amp#27;[2m&amp#27;[0;39m&amp#27;[36morg.hibernate.type.BasicTypeRegistry    &amp#27;[0;39m &amp#27;[2m:&amp#27;[0;39m Adding type registration serializable -> org.hibernate.type.BasicTypeReference@739e8b96
&amp#27;[2m2024-06-29T19:03:24.392-06:00&amp#27;[0;39m &amp#27;[32mDEBUG&amp#27;[0;39m &amp#27;[35m4020&amp#27;[0;39m &amp#27;[2m---&amp#27;[0;39m &amp#27;[2m[ApiInventarioMini] [           main]&amp#27;[0;39m &amp#27;[2m&amp#27;[0;39m&amp#27;[36morg.hibernate.type.BasicTypeRegistry    &amp#27;[0;39m &amp#27;[2m:&amp#27;[0;39m Adding type registration java.io.Serializable -> org.hibernate.type.BasicTypeReference@739e8b96
&amp#27;[2m2024-06-29T19:03:24.392-06:00&amp#27;[0;39m &amp#27;[32mDEBUG&amp#27;[0;39m &amp#27;[35m4020&amp#27;[0;39m &amp#27;[2m---&amp#27;[0;39m &amp#27;[2m[ApiInventarioMini] [           main]&amp#27;[0;39m &amp#27;[2m&amp#27;[0;39m&amp#27;[36morg.hibernate.type.BasicTypeRegistry    &amp#27;[0;39m &amp#27;[2m:&amp#27;[0;39m Adding type registration timezone -> org.hibernate.type.BasicTypeReference@19b07407
&amp#27;[2m2024-06-29T19:03:24.392-06:00&amp#27;[0;39m &amp#27;[32mDEBUG&amp#27;[0;39m &amp#27;[35m4020&amp#27;[0;39m &amp#27;[2m---&amp#27;[0;39m &amp#27;[2m[ApiInventarioMini] [           main]&amp#27;[0;39m &amp#27;[2m&amp#27;[0;39m&amp#27;[36morg.hibernate.type.BasicTypeRegistry    &amp#27;[0;39m &amp#27;[2m:&amp#27;[0;39m Adding type registration java.util.TimeZone -> org.hibernate.type.BasicTypeReference@19b07407
&amp#27;[2m2024-06-29T19:03:24.393-06:00&amp#27;[0;39m &amp#27;[32mDEBUG&amp#27;[0;39m &amp#27;[35m4020&amp#27;[0;39m &amp#27;[2m---&amp#27;[0;39m &amp#27;[2m[ApiInventarioMini] [           main]&amp#27;[0;39m &amp#27;[2m&amp#27;[0;39m&amp#27;[36morg.hibernate.type.BasicTypeRegistry    &amp#27;[0;39m &amp#27;[2m:&amp#27;[0;39m Adding type registration ZoneOffset -> org.hibernate.type.BasicTypeReference@54ffa561
&amp#27;[2m2024-06-29T19:03:24.393-06:00&amp#27;[0;39m &amp#27;[32mDEBUG&amp#27;[0;39m &amp#27;[35m4020&amp#27;[0;39m &amp#27;[2m---&amp#27;[0;39m &amp#27;[2m[ApiInventarioMini] [           main]&amp#27;[0;39m &amp#27;[2m&amp#27;[0;39m&amp#27;[36morg.hibernate.type.BasicTypeRegistry    &amp#27;[0;39m &amp#27;[2m:&amp#27;[0;39m Adding type registration java.time.ZoneOffset -> org.hibernate.type.BasicTypeReference@54ffa561
&amp#27;[2m2024-06-29T19:03:24.393-06:00&amp#27;[0;39m &amp#27;[32mDEBUG&amp#27;[0;39m &amp#27;[35m4020&amp#27;[0;39m &amp#27;[2m---&amp#27;[0;39m &amp#27;[2m[ApiInventarioMini] [           main]&amp#27;[0;39m &amp#27;[2m&amp#27;[0;39m&amp#27;[36morg.hibernate.type.BasicTypeRegistry    &amp#27;[0;39m &amp#27;[2m:&amp#27;[0;39m Adding type registration url -> org.hibernate.type.BasicTypeReference@49c099b
&amp#27;[2m2024-06-29T19:03:24.393-06:00&amp#27;[0;39m &amp#27;[32mDEBUG&amp#27;[0;39m &amp#27;[35m4020&amp#27;[0;39m &amp#27;[2m---&amp#27;[0;39m &amp#27;[2m[ApiInventarioMini] [           main]&amp#27;[0;39m &amp#27;[2m&amp#27;[0;39m&amp#27;[36morg.hibernate.type.BasicTypeRegistry    &amp#27;[0;39m &amp#27;[2m:&amp#27;[0;39m Adding type registration java.net.URL -> org.hibernate.type.BasicTypeReference@49c099b
&amp#27;[2m2024-06-29T19:03:24.393-06:00&amp#27;[0;39m &amp#27;[32mDEBUG&amp#27;[0;39m &amp#27;[35m4020&amp#27;[0;39m &amp#27;[2m---&amp#27;[0;39m &amp#27;[2m[ApiInventarioMini] [           main]&amp#27;[0;39m &amp#27;[2m&amp#27;[0;39m&amp#27;[36morg.hibernate.type.BasicTypeRegistry    &amp#27;[0;39m &amp#27;[2m:&amp#27;[0;39m Adding type registration vector -> org.hibernate.type.BasicTypeReference@3d9f0a5
&amp#27;[2m2024-06-29T19:03:24.393-06:00&amp#27;[0;39m &amp#27;[32mDEBUG&amp#27;[0;39m &amp#27;[35m4020&amp#27;[0;39m &amp#27;[2m---&amp#27;[0;39m &amp#27;[2m[ApiInventarioMini] [           main]&amp#27;[0;39m &amp#27;[2m&amp#27;[0;39m&amp#27;[36morg.hibernate.type.BasicTypeRegistry    &amp#27;[0;39m &amp#27;[2m:&amp#27;[0;39m Adding type registration row_version -> org.hibernate.type.BasicTypeReference@1953bc95
&amp#27;[2m2024-06-29T19:03:24.395-06:00&amp#27;[0;39m &amp#27;[32mDEBUG&amp#27;[0;39m &amp#27;[35m4020&amp#27;[0;39m &amp#27;[2m---&amp#27;[0;39m &amp#27;[2m[ApiInventarioMini] [           main]&amp#27;[0;39m &amp#27;[2m&amp#27;[0;39m&amp#27;[36morg.hibernate.type.BasicTypeRegistry    &amp#27;[0;39m &amp#27;[2m:&amp#27;[0;39m Adding type registration object -> org.hibernate.type.JavaObjectType@a54acec
&amp#27;[2m2024-06-29T19:03:24.395-06:00&amp#27;[0;39m &amp#27;[32mDEBUG&amp#27;[0;39m &amp#27;[35m4020&amp#27;[0;39m &amp#27;[2m---&amp#27;[0;39m &amp#27;[2m[ApiInventarioMini] [           main]&amp#27;[0;39m &amp#27;[2m&amp#27;[0;39m&amp#27;[36morg.hibernate.type.BasicTypeRegistry    &amp#27;[0;39m &amp#27;[2m:&amp#27;[0;39m Adding type registration java.lang.Object -> org.hibernate.type.JavaObjectType@a54acec
&amp#27;[2m2024-06-29T19:03:24.395-06:00&amp#27;[0;39m &amp#27;[32mDEBUG&amp#27;[0;39m &amp#27;[35m4020&amp#27;[0;39m &amp#27;[2m---&amp#27;[0;39m &amp#27;[2m[ApiInventarioMini] [           main]&amp#27;[0;39m &amp#27;[2m&amp#27;[0;39m&amp#27;[36morg.hibernate.type.BasicTypeRegistry    &amp#27;[0;39m &amp#27;[2m:&amp#27;[0;39m Adding type registration null -> org.hibernate.type.NullType@87d9a01
&amp#27;[2m2024-06-29T19:03:24.395-06:00&amp#27;[0;39m &amp#27;[32mDEBUG&amp#27;[0;39m &amp#27;[35m4020&amp#27;[0;39m &amp#27;[2m---&amp#27;[0;39m &amp#27;[2m[ApiInventarioMini] [           main]&amp#27;[0;39m &amp#27;[2m&amp#27;[0;39m&amp#27;[36morg.hibernate.type.BasicTypeRegistry    &amp#27;[0;39m &amp#27;[2m:&amp#27;[0;39m Adding type registration imm_date -> org.hibernate.type.BasicTypeReference@7e5b621b
&amp#27;[2m2024-06-29T19:03:24.395-06:00&amp#27;[0;39m &amp#27;[32mDEBUG&amp#27;[0;39m &amp#27;[35m4020&amp#27;[0;39m &amp#27;[2m---&amp#27;[0;39m &amp#27;[2m[ApiInventarioMini] [           main]&amp#27;[0;39m &amp#27;[2m&amp#27;[0;39m&amp#27;[36morg.hibernate.type.BasicTypeRegistry    &amp#27;[0;39m &amp#27;[2m:&amp#27;[0;39m Adding type registration imm_time -> org.hibernate.type.BasicTypeReference@10177794
&amp#27;[2m2024-06-29T19:03:24.395-06:00&amp#27;[0;39m &amp#27;[32mDEBUG&amp#27;[0;39m &amp#27;[35m4020&amp#27;[0;39m &amp#27;[2m---&amp#27;[0;39m &amp#27;[2m[ApiInventarioMini] [           main]&amp#27;[0;39m &amp#27;[2m&amp#27;[0;39m&amp#27;[36morg.hibernate.type.BasicTypeRegistry    &amp#27;[0;39m &amp#27;[2m:&amp#27;[0;39m Adding type registration imm_timestamp -> org.hibernate.type.BasicTypeReference@e5c2463
&amp#27;[2m2024-06-29T19:03:24.395-06:00&amp#27;[0;39m &amp#27;[32mDEBUG&amp#27;[0;39m &amp#27;[35m4020&amp#27;[0;39m &amp#27;[2m---&amp#27;[0;39m &amp#27;[2m[ApiInventarioMini] [           main]&amp#27;[0;39m &amp#27;[2m&amp#27;[0;39m&amp#27;[36morg.hibernate.type.BasicTypeRegistry    &amp#27;[0;39m &amp#27;[2m:&amp#27;[0;39m Adding type registration imm_calendar -> org.hibernate.type.BasicTypeReference@6a950a3b
&amp#27;[2m2024-06-29T19:03:24.395-06:00&amp#27;[0;39m &amp#27;[32mDEBUG&amp#27;[0;39m &amp#27;[35m4020&amp#27;[0;39m &amp#27;[2m---&amp#27;[0;39m &amp#27;[2m[ApiInventarioMini] [           main]&amp#27;[0;39m &amp#27;[2m&amp#27;[0;39m&amp#27;[36morg.hibernate.type.BasicTypeRegistry    &amp#27;[0;39m &amp#27;[2m:&amp#27;[0;39m Adding type registration imm_calendar_date -> org.hibernate.type.BasicTypeReference@4f7be6c8
&amp#27;[2m2024-06-29T19:03:24.395-06:00&amp#27;[0;39m &amp#27;[32mDEBUG&amp#27;[0;39m &amp#27;[35m4020&amp#27;[0;39m &amp#27;[2m---&amp#27;[0;39m &amp#27;[2m[ApiInventarioMini] [           main]&amp#27;[0;39m &amp#27;[2m&amp#27;[0;39m&amp#27;[36morg.hibernate.type.BasicTypeRegistry    &amp#27;[0;39m &amp#27;[2m:&amp#27;[0;39m Adding type registration imm_calendar_time -> org.hibernate.type.BasicTypeReference@647b9364
&amp#27;[2m2024-06-29T19:03:24.395-06:00&amp#27;[0;39m &amp#27;[32mDEBUG&amp#27;[0;39m &amp#27;[35m4020&amp#27;[0;39m &amp#27;[2m---&amp#27;[0;39m &amp#27;[2m[ApiInventarioMini] [           main]&amp#27;[0;39m &amp#27;[2m&amp#27;[0;39m&amp#27;[36morg.hibernate.type.BasicTypeRegistry    &amp#27;[0;39m &amp#27;[2m:&amp#27;[0;39m Adding type registration imm_binary -> org.hibernate.type.BasicTypeReference@b6bccb4
&amp#27;[2m2024-06-29T19:03:24.395-06:00&amp#27;[0;39m &amp#27;[32mDEBUG&amp#27;[0;39m &amp#27;[35m4020&amp#27;[0;39m &amp#27;[2m---&amp#27;[0;39m &amp#27;[2m[ApiInventarioMini] [           main]&amp#27;[0;39m &amp#27;[2m&amp#27;[0;39m&amp#27;[36morg.hibernate.type.BasicTypeRegistry    &amp#27;[0;39m &amp#27;[2m:&amp#27;[0;39m Adding type registration imm_serializable -> org.hibernate.type.BasicTypeReference@49edcb30
&amp#27;[2m2024-06-29T19:03:24.398-06:00&amp#27;[0;39m &amp#27;[32mDEBUG&amp#27;[0;39m &amp#27;[35m4020&amp#27;[0;39m &amp#27;[2m---&amp#27;[0;39m &amp#27;[2m[ApiInventarioMini] [           main]&amp#27;[0;39m &amp#27;[2m&amp#27;[0;39m&amp#27;[36mo.h.boot.internal.BootstrapContextImpl  &amp#27;[0;39m &amp#27;[2m:&amp#27;[0;39m Injecting JPA temp ClassLoader [org.springframework.instrument.classloading.SimpleThrowawayClassLoader@230a73f2] into BootstrapContext; was [null]
&amp#27;[2m2024-06-29T19:03:24.398-06:00&amp#27;[0;39m &amp#27;[32mDEBUG&amp#27;[0;39m &amp#27;[35m4020&amp#27;[0;39m &amp#27;[2m---&amp#27;[0;39m &amp#27;[2m[ApiInventarioMini] [           main]&amp#27;[0;39m &amp#27;[2m&amp#27;[0;39m&amp#27;[36mo.h.boot.internal.ClassLoaderAccessImpl &amp#27;[0;39m &amp#27;[2m:&amp#27;[0;39m ClassLoaderAccessImpl#injectTempClassLoader(org.springframework.instrument.classloading.SimpleThrowawayClassLoader@230a73f2) [was null]
&amp#27;[2m2024-06-29T19:03:24.398-06:00&amp#27;[0;39m &amp#27;[32mDEBUG&amp#27;[0;39m &amp#27;[35m4020&amp#27;[0;39m &amp#27;[2m---&amp#27;[0;39m &amp#27;[2m[ApiInventarioMini] [           main]&amp#27;[0;39m &amp#27;[2m&amp#27;[0;39m&amp#27;[36mo.h.boot.internal.BootstrapContextImpl  &amp#27;[0;39m &amp#27;[2m:&amp#27;[0;39m Injecting ScanEnvironment [org.hibernate.jpa.boot.internal.StandardJpaScanEnvironmentImpl@7f97bc14] into BootstrapContext; was [null]
&amp#27;[2m2024-06-29T19:03:24.398-06:00&amp#27;[0;39m &amp#27;[32mDEBUG&amp#27;[0;39m &amp#27;[35m4020&amp#27;[0;39m &amp#27;[2m---&amp#27;[0;39m &amp#27;[2m[ApiInventarioMini] [           main]&amp#27;[0;39m &amp#27;[2m&amp#27;[0;39m&amp#27;[36mo.h.boot.internal.BootstrapContextImpl  &amp#27;[0;39m &amp#27;[2m:&amp#27;[0;39m Injecting ScanOptions [org.hibernate.boot.archive.scan.internal.StandardScanOptions@22d8f4ed] into BootstrapContext; was [org.hibernate.boot.archive.scan.internal.StandardScanOptions@3434a4f0]
&amp#27;[2m2024-06-29T19:03:24.476-06:00&amp#27;[0;39m &amp#27;[32m INFO&amp#27;[0;39m &amp#27;[35m4020&amp#27;[0;39m &amp#27;[2m---&amp#27;[0;39m &amp#27;[2m[ApiInventarioMini] [           main]&amp#27;[0;39m &amp#27;[2m&amp#27;[0;39m&amp#27;[36mo.s.o.j.p.SpringPersistenceUnitInfo     &amp#27;[0;39m &amp#27;[2m:&amp#27;[0;39m No LoadTimeWeaver setup: ignoring JPA class transformer
&amp#27;[2m2024-06-29T19:03:24.476-06:00&amp#27;[0;39m &amp#27;[32mDEBUG&amp#27;[0;39m &amp#27;[35m4020&amp#27;[0;39m &amp#27;[2m---&amp#27;[0;39m &amp#27;[2m[ApiInventarioMini] [           main]&amp#27;[0;39m &amp#27;[2m&amp#27;[0;39m&amp#27;[36mo.h.boot.internal.BootstrapContextImpl  &amp#27;[0;39m &amp#27;[2m:&amp#27;[0;39m Injecting JPA temp ClassLoader [null] into BootstrapContext; was [org.springframework.instrument.classloading.SimpleThrowawayClassLoader@230a73f2]
&amp#27;[2m2024-06-29T19:03:24.476-06:00&amp#27;[0;39m &amp#27;[32mDEBUG&amp#27;[0;39m &amp#27;[35m4020&amp#27;[0;39m &amp#27;[2m---&amp#27;[0;39m &amp#27;[2m[ApiInventarioMini] [           main]&amp#27;[0;39m &amp#27;[2m&amp#27;[0;39m&amp#27;[36mo.h.boot.internal.ClassLoaderAccessImpl &amp#27;[0;39m &amp#27;[2m:&amp#27;[0;39m ClassLoaderAccessImpl#injectTempClassLoader(null) [was org.springframework.instrument.classloading.SimpleThrowawayClassLoader@230a73f2]
&amp#27;[2m2024-06-29T19:03:24.489-06:00&amp#27;[0;39m &amp#27;[32m INFO&amp#27;[0;39m &amp#27;[35m4020&amp#27;[0;39m &amp#27;[2m---&amp#27;[0;39m &amp#27;[2m[ApiInventarioMini] [           main]&amp#27;[0;39m &amp#27;[2m&amp#27;[0;39m&amp#27;[36mcom.zaxxer.hikari.HikariDataSource      &amp#27;[0;39m &amp#27;[2m:&amp#27;[0;39m HikariPool-1 - Starting...
&amp#27;[2m2024-06-29T19:03:25.660-06:00&amp#27;[0;39m &amp#27;[32m INFO&amp#27;[0;39m &amp#27;[35m4020&amp#27;[0;39m &amp#27;[2m---&amp#27;[0;39m &amp#27;[2m[ApiInventarioMini] [           main]&amp#27;[0;39m &amp#27;[2m&amp#27;[0;39m&amp#27;[36mcom.zaxxer.hikari.pool.HikariPool       &amp#27;[0;39m &amp#27;[2m:&amp#27;[0;39m HikariPool-1 - Added connection org.postgresql.jdbc.PgConnection@5ab63a04
&amp#27;[2m2024-06-29T19:03:25.660-06:00&amp#27;[0;39m &amp#27;[32m INFO&amp#27;[0;39m &amp#27;[35m4020&amp#27;[0;39m &amp#27;[2m---&amp#27;[0;39m &amp#27;[2m[ApiInventarioMini] [           main]&amp#27;[0;39m &amp#27;[2m&amp#27;[0;39m&amp#27;[36mcom.zaxxer.hikari.HikariDataSource      &amp#27;[0;39m &amp#27;[2m:&amp#27;[0;39m HikariPool-1 - Start completed.
&amp#27;[2m2024-06-29T19:03:25.664-06:00&amp#27;[0;39m &amp#27;[32mDEBUG&amp#27;[0;39m &amp#27;[35m4020&amp#27;[0;39m &amp#27;[2m---&amp#27;[0;39m &amp#27;[2m[ApiInventarioMini] [           main]&amp#27;[0;39m &amp#27;[2m&amp#27;[0;39m&amp#27;[36mo.h.e.j.e.i.JdbcEnvironmentInitiator    &amp#27;[0;39m &amp#27;[2m:&amp#27;[0;39m Database ->
       name : PostgreSQL
    version : 15.1 (Ubuntu 15.1-1.pgdg20.04+1)
      major : 15
      minor : 1
&amp#27;[2m2024-06-29T19:03:25.664-06:00&amp#27;[0;39m &amp#27;[32mDEBUG&amp#27;[0;39m &amp#27;[35m4020&amp#27;[0;39m &amp#27;[2m---&amp#27;[0;39m &amp#27;[2m[ApiInventarioMini] [           main]&amp#27;[0;39m &amp#27;[2m&amp#27;[0;39m&amp#27;[36mo.h.e.j.e.i.JdbcEnvironmentInitiator    &amp#27;[0;39m &amp#27;[2m:&amp#27;[0;39m Driver ->
       name : PostgreSQL JDBC Driver
    version : 42.6.2
      major : 42
      minor : 6
&amp#27;[2m2024-06-29T19:03:25.664-06:00&amp#27;[0;39m &amp#27;[32mDEBUG&amp#27;[0;39m &amp#27;[35m4020&amp#27;[0;39m &amp#27;[2m---&amp#27;[0;39m &amp#27;[2m[ApiInventarioMini] [           main]&amp#27;[0;39m &amp#27;[2m&amp#27;[0;39m&amp#27;[36mo.h.e.j.e.i.JdbcEnvironmentInitiator    &amp#27;[0;39m &amp#27;[2m:&amp#27;[0;39m JDBC version : 4.2
&amp#27;[2m2024-06-29T19:03:25.761-06:00&amp#27;[0;39m &amp#27;[33m WARN&amp#27;[0;39m &amp#27;[35m4020&amp#27;[0;39m &amp#27;[2m---&amp#27;[0;39m &amp#27;[2m[ApiInventarioMini] [           main]&amp#27;[0;39m &amp#27;[2m&amp#27;[0;39m&amp#27;[36morg.hibernate.orm.deprecation           &amp#27;[0;39m &amp#27;[2m:&amp#27;[0;39m HHH90000025: PostgreSQLDialect does not need to be specified explicitly using 'hibernate.dialect' (remove the property setting and it will be selected by default)
&amp#27;[2m2024-06-29T19:03:25.762-06:00&amp#27;[0;39m &amp#27;[32mDEBUG&amp#27;[0;39m &amp#27;[35m4020&amp#27;[0;39m &amp#27;[2m---&amp#27;[0;39m &amp#27;[2m[ApiInventarioMini] [           main]&amp#27;[0;39m &amp#27;[2m&amp#27;[0;39m&amp#27;[36morg.hibernate.orm.dialect               &amp#27;[0;39m &amp#27;[2m:&amp#27;[0;39m HHH035001: Using dialect: org.hibernate.dialect.PostgreSQLDialect, version: 15.1
&amp#27;[2m2024-06-29T19:03:25.766-06:00&amp#27;[0;39m &amp#27;[32mDEBUG&amp#27;[0;39m &amp#27;[35m4020&amp#27;[0;39m &amp#27;[2m---&amp#27;[0;39m &amp#27;[2m[ApiInventarioMini] [           main]&amp#27;[0;39m &amp#27;[2m&amp#27;[0;39m&amp#27;[36mo.h.e.j.env.spi.IdentifierHelperBuilder &amp#27;[0;39m &amp#27;[2m:&amp#27;[0;39m JDBC driver metadata reported database stores quoted identifiers in neither upper, lower nor mixed case
&amp#27;[2m2024-06-29T19:03:25.925-06:00&amp#27;[0;39m &amp#27;[32mDEBUG&amp#27;[0;39m &amp#27;[35m4020&amp#27;[0;39m &amp#27;[2m---&amp#27;[0;39m &amp#27;[2m[ApiInventarioMini] [           main]&amp#27;[0;39m &amp#27;[2m&amp#27;[0;39m&amp#27;[36morg.hibernate.orm.jdbc.lob              &amp#27;[0;39m &amp#27;[2m:&amp#27;[0;39m HHH10010004: Disabling contextual LOB creation as Dialect reported it is not supported
[...]
	at org.springframework.util.function.ThrowingSupplier.get(ThrowingSupplier.java:46) ~[spring-core-6.1.5.jar:6.1.5]
	at org.springframework.boot.SpringApplication.withHook(SpringApplication.java:1454) ~[spring-boot-3.2.4.jar:3.2.4]
	at org.springframework.boot.test.context.SpringBootContextLoader$ContextLoaderHook.run(SpringBootContextLoader.java:553) ~[spring-boot-test-3.2.4.jar:3.2.4]
	at org.springframework.boot.test.context.SpringBootContextLoader.loadContext(SpringBootContextLoader.java:137) ~[spring-boot-test-3.2.4.jar:3.2.4]
	at org.springframework.boot.test.context.SpringBootContextLoader.loadContext(SpringBootContextLoader.java:108) ~[spring-boot-test-3.2.4.jar:3.2.4]
	at org.springframework.test.context.cache.DefaultCacheAwareContextLoaderDelegate.loadContextInternal(DefaultCacheAwareContextLoaderDelegate.java:225) ~[spring-test-6.1.5.jar:6.1.5]
	at org.springframework.test.context.cache.DefaultCacheAwareContextLoaderDelegate.loadContext(DefaultCacheAwareContextLoaderDelegate.java:152) ~[spring-test-6.1.5.jar:6.1.5]
	at org.springframework.test.context.support.DefaultTestContext.getApplicationContext(DefaultTestContext.java:130) ~[spring-test-6.1.5.jar:6.1.5]
	at org.springframework.test.context.web.ServletTestExecutionListener.setUpRequestContextIfNecessary(ServletTestExecutionListener.java:191) ~[spring-test-6.1.5.jar:6.1.5]
	at org.springframework.test.context.web.ServletTestExecutionListener.prepareTestInstance(ServletTestExecutionListener.java:130) ~[spring-test-6.1.5.jar:6.1.5]
	at org.springframework.test.context.TestContextManager.prepareTestInstance(TestContextManager.java:260) ~[spring-test-6.1.5.jar:6.1.5]
	at org.springframework.test.context.junit.jupiter.SpringExtension.postProcessTestInstance(SpringExtension.java:163) ~[spring-test-6.1.5.jar:6.1.5]
	at org.junit.jupiter.engine.descriptor.ClassBasedTestDescriptor.lambda$invokeTestInstancePostProcessors$10(ClassBasedTestDescriptor.java:378) ~[junit-jupiter-engine-5.10.2.jar:5.10.2]
	at org.junit.jupiter.engine.descriptor.ClassBasedTestDescriptor.executeAndMaskThrowable(ClassBasedTestDescriptor.java:383) ~[junit-jupiter-engine-5.10.2.jar:5.10.2]
	at org.junit.jupiter.engine.descriptor.ClassBasedTestDescriptor.lambda$invokeTestInstancePostProcessors$11(ClassBasedTestDescriptor.java:378) ~[junit-jupiter-engine-5.10.2.jar:5.10.2]
	at java.base/java.util.stream.ReferencePipeline$3$1.accept(ReferencePipeline.java:212) ~[na:na]
	at java.base/java.util.stream.ReferencePipeline$2$1.accept(ReferencePipeline.java:194) ~[na:na]
	at java.base/java.util.ArrayList$ArrayListSpliterator.forEachRemaining(ArrayList.java:1709) ~[na:na]
	at java.base/java.util.stream.AbstractPipeline.copyInto(AbstractPipeline.java:556) ~[na:na]
	at java.base/java.util.stream.AbstractPipeline.wrapAndCopyInto(AbstractPipeline.java:546) ~[na:na]
	at java.base/java.util.stream.StreamSpliterators$WrappingSpliterator.forEachRemaining(StreamSpliterators.java:310) ~[na:na]
	at java.base/java.util.stream.Streams$ConcatSpliterator.forEachRemaining(Streams.java:735) ~[na:na]
	at java.base/java.util.stream.Streams$ConcatSpliterator.forEachRemaining(Streams.java:734) ~[na:na]
	at java.base/java.util.stream.ReferencePipeline$Head.forEach(ReferencePipeline.java:782) ~[na:na]
	at org.junit.jupiter.engine.descriptor.ClassBasedTestDescriptor.invokeTestInstancePostProcessors(ClassBasedTestDescriptor.java:377) ~[junit-jupiter-engine-5.10.2.jar:5.10.2]
	at org.junit.jupiter.engine.descriptor.ClassBasedTestDescriptor.lambda$instantiateAndPostProcessTestInstance$6(ClassBasedTestDescriptor.java:290) ~[junit-jupiter-engine-5.10.2.jar:5.10.2]
	at org.junit.platform.engine.support.hierarchical.ThrowableCollector.execute(ThrowableCollector.java:73) ~[junit-platform-engine-1.10.2.jar:1.10.2]
	at org.junit.jupiter.engine.descriptor.ClassBasedTestDescriptor.instantiateAndPostProcessTestInstance(ClassBasedTestDescriptor.java:289) ~[junit-jupiter-engine-5.10.2.jar:5.10.2]
	at org.junit.jupiter.engine.descriptor.ClassBasedTestDescriptor.lambda$testInstancesProvider$4(ClassBasedTestDescriptor.java:279) ~[junit-jupiter-engine-5.10.2.jar:5.10.2]
	at java.base/java.util.Optional.orElseGet(Optional.java:364) ~[na:na]
	at org.junit.jupiter.engine.descriptor.ClassBasedTestDescriptor.lambda$testInstancesProvider$5(ClassBasedTestDescriptor.java:278) ~[junit-jupiter-engine-5.10.2.jar:5.10.2]
	at org.junit.jupiter.engine.execution.TestInstancesProvider.getTestInstances(TestInstancesProvider.java:31) ~[junit-jupiter-engine-5.10.2.jar:5.10.2]
	at org.junit.jupiter.engine.descriptor.TestMethodTestDescriptor.lambda$prepare$0(TestMethodTestDescriptor.java:106) ~[junit-jupiter-engine-5.10.2.jar:5.10.2]
	at org.junit.platform.engine.support.hierarchical.ThrowableCollector.execute(ThrowableCollector.java:73) ~[junit-platform-engine-1.10.2.jar:1.10.2]
	at org.junit.jupiter.engine.descriptor.TestMethodTestDescriptor.prepare(TestMethodTestDescriptor.java:105) ~[junit-jupiter-engine-5.10.2.jar:5.10.2]
	at org.junit.jupiter.engine.descriptor.TestMethodTestDescriptor.prepare(TestMethodTestDescriptor.java:69) ~[junit-jupiter-engine-5.10.2.jar:5.10.2]
	at org.junit.platform.engine.support.hierarchical.NodeTestTask.lambda$prepare$2(NodeTestTask.java:123) ~[junit-platform-engine-1.10.2.jar:1.10.2]
	at org.junit.platform.engine.support.hierarchical.ThrowableCollector.execute(ThrowableCollector.java:73) ~[junit-platform-engine-1.10.2.jar:1.10.2]
	at org.junit.platform.engine.support.hierarchical.NodeTestTask.prepare(NodeTestTask.java:123) ~[junit-platform-engine-1.10.2.jar:1.10.2]
	at org.junit.platform.engine.support.hierarchical.NodeTestTask.execute(NodeTestTask.java:90) ~[junit-platform-engine-1.10.2.jar:1.10.2]
	at java.base/java.util.ArrayList.forEach(ArrayList.java:1597) ~[na:na]
	at org.junit.platform.engine.support.hierarchical.SameThreadHierarchicalTestExecutorService.invokeAll(SameThreadHierarchicalTestExecutorService.java:41) ~[junit-platform-engine-1.10.2.jar:1.10.2]
	at org.junit.platform.engine.support.hierarchical.NodeTestTask.lambda$executeRecursively$6(NodeTestTask.java:155) ~[junit-platform-engine-1.10.2.jar:1.10.2]
	at org.junit.platform.engine.support.hierarchical.ThrowableCollector.execute(ThrowableCollector.java:73) ~[junit-platform-engine-1.10.2.jar:1.10.2]
	at org.junit.platform.engine.support.hierarchical.NodeTestTask.lambda$executeRecursively$8(NodeTestTask.java:141) ~[junit-platform-engine-1.10.2.jar:1.10.2]
	at org.junit.platform.engine.support.hierarchical.Node.around(Node.java:137) ~[junit-platform-engine-1.10.2.jar:1.10.2]
	at org.junit.platform.engine.support.hierarchical.NodeTestTask.lambda$executeRecursively$9(NodeTestTask.java:139) ~[junit-platform-engine-1.10.2.jar:1.10.2]
	at org.junit.platform.engine.support.hierarchical.ThrowableCollector.execute(ThrowableCollector.java:73) ~[junit-platform-engine-1.10.2.jar:1.10.2]
	at org.junit.platform.engine.support.hierarchical.NodeTestTask.executeRecursively(NodeTestTask.java:138) ~[junit-platform-engine-1.10.2.jar:1.10.2]
	at org.junit.platform.engine.support.hierarchical.NodeTestTask.execute(NodeTestTask.java:95) ~[junit-platform-engine-1.10.2.jar:1.10.2]
	at java.base/java.util.ArrayList.forEach(ArrayList.java:1597) ~[na:na]
	at org.junit.platform.engine.support.hierarchical.SameThreadHierarchicalTestExecutorService.invokeAll(SameThreadHierarchicalTestExecutorService.java:41) ~[junit-platform-engine-1.10.2.jar:1.10.2]
	at org.junit.platform.engine.support.hierarchical.NodeTestTask.lambda$executeRecursively$6(NodeTestTask.java:155) ~[junit-platform-engine-1.10.2.jar:1.10.2]
	at org.junit.platform.engine.support.hierarchical.ThrowableCollector.execute(ThrowableCollector.java:73) ~[junit-platform-engine-1.10.2.jar:1.10.2]
	at org.junit.platform.engine.support.hierarchical.NodeTestTask.lambda$executeRecursively$8(NodeTestTask.java:141) ~[junit-platform-engine-1.10.2.jar:1.10.2]
	at org.junit.platform.engine.support.hierarchical.Node.around(Node.java:137) ~[junit-platform-engine-1.10.2.jar:1.10.2]
	at org.junit.platform.engine.support.hierarchical.NodeTestTask.lambda$executeRecursively$9(NodeTestTask.java:139) ~[junit-platform-engine-1.10.2.jar:1.10.2]
	at org.junit.platform.engine.support.hierarchical.ThrowableCollector.execute(ThrowableCollector.java:73) ~[junit-platform-engine-1.10.2.jar:1.10.2]
	at org.junit.platform.engine.support.hierarchical.NodeTestTask.executeRecursively(NodeTestTask.java:138) ~[junit-platform-engine-1.10.2.jar:1.10.2]
	at org.junit.platform.engine.support.hierarchical.NodeTestTask.execute(NodeTestTask.java:95) ~[junit-platform-engine-1.10.2.jar:1.10.2]
	at org.junit.platform.engine.support.hierarchical.SameThreadHierarchicalTestExecutorService.submit(SameThreadHierarchicalTestExecutorService.java:35) ~[junit-platform-engine-1.10.2.jar:1.10.2]
	at org.junit.platform.engine.support.hierarchical.HierarchicalTestExecutor.execute(HierarchicalTestExecutor.java:57) ~[junit-platform-engine-1.10.2.jar:1.10.2]
	at org.junit.platform.engine.support.hierarchical.HierarchicalTestEngine.execute(HierarchicalTestEngine.java:54) ~[junit-platform-engine-1.10.2.jar:1.10.2]
	at org.junit.platform.launcher.core.EngineExecutionOrchestrator.execute(EngineExecutionOrchestrator.java:198) ~[junit-platform-launcher-1.10.2.jar:1.10.2]
	at org.junit.platform.launcher.core.EngineExecutionOrchestrator.execute(EngineExecutionOrchestrator.java:169) ~[junit-platform-launcher-1.10.2.jar:1.10.2]
	at org.junit.platform.launcher.core.EngineExecutionOrchestrator.execute(EngineExecutionOrchestrator.java:93) ~[junit-platform-launcher-1.10.2.jar:1.10.2]
	at org.junit.platform.launcher.core.EngineExecutionOrchestrator.lambda$execute$0(EngineExecutionOrchestrator.java:58) ~[junit-platform-launcher-1.10.2.jar:1.10.2]
	at org.junit.platform.launcher.core.EngineExecutionOrchestrator.withInterceptedStreams(EngineExecutionOrchestrator.java:141) ~[junit-platform-launcher-1.10.2.jar:1.10.2]
	at org.junit.platform.launcher.core.EngineExecutionOrchestrator.execute(EngineExecutionOrchestrator.java:57) ~[junit-platform-launcher-1.10.2.jar:1.10.2]
	at org.junit.platform.launcher.core.DefaultLauncher.execute(DefaultLauncher.java:103) ~[junit-platform-launcher-1.10.2.jar:1.10.2]
	at org.junit.platform.launcher.core.DefaultLauncher.execute(DefaultLauncher.java:85) ~[junit-platform-launcher-1.10.2.jar:1.10.2]
	at org.junit.platform.launcher.core.DelegatingLauncher.execute(DelegatingLauncher.java:47) ~[junit-platform-launcher-1.10.2.jar:1.10.2]
	at org.apache.maven.surefire.junitplatform.LazyLauncher.execute(LazyLauncher.java:56) ~[surefire-junit-platform-3.1.2.jar:3.1.2]
	at org.apache.maven.surefire.junitplatform.JUnitPlatformProvider.execute(JUnitPlatformProvider.java:184) ~[surefire-junit-platform-3.1.2.jar:3.1.2]
	at org.apache.maven.surefire.junitplatform.JUnitPlatformProvider.invokeAllTests(JUnitPlatformProvider.java:148) ~[surefire-junit-platform-3.1.2.jar:3.1.2]
	at org.apache.maven.surefire.junitplatform.JUnitPlatformProvider.invoke(JUnitPlatformProvider.java:122) ~[surefire-junit-platform-3.1.2.jar:3.1.2]
	at org.apache.maven.surefire.booter.ForkedBooter.runSuitesInProcess(ForkedBooter.java:385) ~[surefire-booter-3.1.2.jar:3.1.2]
	at org.apache.maven.surefire.booter.ForkedBooter.execute(ForkedBooter.java:162) ~[surefire-booter-3.1.2.jar:3.1.2]
	at org.apache.maven.surefire.booter.ForkedBooter.run(ForkedBooter.java:507) ~[surefire-booter-3.1.2.jar:3.1.2]
	at org.apache.maven.surefire.booter.ForkedBooter.main(ForkedBooter.java:495) ~[surefire-booter-3.1.2.jar:3.1.2]

&amp#27;[2m2024-06-29T19:03:26.724-06:00&amp#27;[0;39m &amp#27;[32mDEBUG&amp#27;[0;39m &amp#27;[35m4020&amp#27;[0;39m &amp#27;[2m---&amp#27;[0;39m &amp#27;[2m[ApiInventarioMini] [           main]&amp#27;[0;39m &amp#27;[2m&amp#27;[0;39m&amp#27;[36m.h.v.m.ResourceBundleMessageInterpolator&amp#27;[0;39m &amp#27;[2m:&amp#27;[0;39m Loaded expression factory via original TCCL
&amp#27;[2m2024-06-29T19:03:26.725-06:00&amp#27;[0;39m &amp#27;[32mDEBUG&amp#27;[0;39m &amp#27;[35m4020&amp#27;[0;39m &amp#27;[2m---&amp#27;[0;39m &amp#27;[2m[ApiInventarioMini] [           main]&amp#27;[0;39m &amp#27;[2m&amp#27;[0;39m&amp#27;[36mo.h.v.i.e.AbstractConfigurationImpl     &amp#27;[0;39m &amp#27;[2m:&amp#27;[0;39m Setting custom MessageInterpolator of type org.springframework.validation.beanvalidation.LocaleContextMessageInterpolator
&amp#27;[2m2024-06-29T19:03:26.725-06:00&amp#27;[0;39m &amp#27;[32mDEBUG&amp#27;[0;39m &amp#27;[35m4020&amp#27;[0;39m &amp#27;[2m---&amp#27;[0;39m &amp#27;[2m[ApiInventarioMini] [           main]&amp#27;[0;39m &amp#27;[2m&amp#27;[0;39m&amp#27;[36mo.h.v.i.e.AbstractConfigurationImpl     &amp#27;[0;39m &amp#27;[2m:&amp#27;[0;39m Setting custom ConstraintValidatorFactory of type org.springframework.validation.beanvalidation.SpringConstraintValidatorFactory
&amp#27;[2m2024-06-29T19:03:26.725-06:00&amp#27;[0;39m &amp#27;[32mDEBUG&amp#27;[0;39m &amp#27;[35m4020&amp#27;[0;39m &amp#27;[2m---&amp#27;[0;39m &amp#27;[2m[ApiInventarioMini] [           main]&amp#27;[0;39m &amp#27;[2m&amp#27;[0;39m&amp#27;[36mo.h.v.i.xml.config.ValidationXmlParser  &amp#27;[0;39m &amp#27;[2m:&amp#27;[0;39m Trying to load META-INF/validation.xml for XML based Validator configuration.
&amp#27;[2m2024-06-29T19:03:26.725-06:00&amp#27;[0;39m &amp#27;[32mDEBUG&amp#27;[0;39m &amp#27;[35m4020&amp#27;[0;39m &amp#27;[2m---&amp#27;[0;39m &amp#27;[2m[ApiInventarioMini] [           main]&amp#27;[0;39m &amp#27;[2m&amp#27;[0;39m&amp#27;[36mo.h.v.i.xml.config.ResourceLoaderHelper &amp#27;[0;39m &amp#27;[2m:&amp#27;[0;39m Trying to load META-INF/validation.xml via user class loader
&amp#27;[2m2024-06-29T19:03:26.725-06:00&amp#27;[0;39m &amp#27;[32mDEBUG&amp#27;[0;39m &amp#27;[35m4020&amp#27;[0;39m &amp#27;[2m---&amp#27;[0;39m &amp#27;[2m[ApiInventarioMini] [           main]&amp#27;[0;39m &amp#27;[2m&amp#27;[0;39m&amp#27;[36mo.h.v.i.xml.config.ResourceLoaderHelper &amp#27;[0;39m &amp#27;[2m:&amp#27;[0;39m Trying to load META-INF/validation.xml via TCCL
&amp#27;[2m2024-06-29T19:03:26.725-06:00&amp#27;[0;39m &amp#27;[32mDEBUG&amp#27;[0;39m &amp#27;[35m4020&amp#27;[0;39m &amp#27;[2m---&amp#27;[0;39m &amp#27;[2m[ApiInventarioMini] [           main]&amp#27;[0;39m &amp#27;[2m&amp#27;[0;39m&amp#27;[36mo.h.v.i.xml.config.ResourceLoaderHelper &amp#27;[0;39m &amp#27;[2m:&amp#27;[0;39m Trying to load META-INF/validation.xml via Hibernate Validator's class loader
&amp#27;[2m2024-06-29T19:03:26.725-06:00&amp#27;[0;39m &amp#27;[32mDEBUG&amp#27;[0;39m &amp#27;[35m4020&amp#27;[0;39m &amp#27;[2m---&amp#27;[0;39m &amp#27;[2m[ApiInventarioMini] [           main]&amp#27;[0;39m &amp#27;[2m&amp#27;[0;39m&amp#27;[36mo.h.v.i.xml.config.ValidationXmlParser  &amp#27;[0;39m &amp#27;[2m:&amp#27;[0;39m No META-INF/validation.xml found. Using annotation based configuration only.
&amp#27;[2m2024-06-29T19:03:26.725-06:00&amp#27;[0;39m &amp#27;[32mDEBUG&amp#27;[0;39m &amp#27;[35m4020&amp#27;[0;39m &amp#27;[2m---&amp#27;[0;39m &amp#27;[2m[ApiInventarioMini] [           main]&amp#27;[0;39m &amp#27;[2m&amp#27;[0;39m&amp#27;[36mo.h.v.i.e.resolver.TraversableResolvers &amp#27;[0;39m &amp#27;[2m:&amp#27;[0;39m Found jakarta.persistence.Persistence on classpath containing 'getPersistenceUtil'. Assuming JPA 2 environment. Trying to instantiate JPA aware TraversableResolver
&amp#27;[2m2024-06-29T19:03:26.725-06:00&amp#27;[0;39m &amp#27;[32mDEBUG&amp#27;[0;39m &amp#27;[35m4020&amp#27;[0;39m &amp#27;[2m---&amp#27;[0;39m &amp#27;[2m[ApiInventarioMini] [           main]&amp#27;[0;39m &amp#27;[2m&amp#27;[0;39m&amp#27;[36mo.h.v.i.e.resolver.TraversableResolvers &amp#27;[0;39m &amp#27;[2m:&amp#27;[0;39m Instantiated JPA aware TraversableResolver of type org.hibernate.validator.internal.engine.resolver.JPATraversableResolver.
&amp#27;[2m2024-06-29T19:03:26.726-06:00&amp#27;[0;39m &amp#27;[32mDEBUG&amp#27;[0;39m &amp#27;[35m4020&amp#27;[0;39m &amp#27;[2m---&amp#27;[0;39m &amp#27;[2m[ApiInventarioMini] [           main]&amp#27;[0;39m &amp#27;[2m&amp#27;[0;39m&amp#27;[36m.i.e.ValidatorFactoryConfigurationHelper&amp#27;[0;39m &amp#27;[2m:&amp#27;[0;39m HV000252: Using org.hibernate.validator.internal.engine.DefaultPropertyNodeNameProvider as property node name provider.
&amp#27;[2m2024-06-29T19:03:26.726-06:00&amp#27;[0;39m &amp#27;[32mDEBUG&amp#27;[0;39m &amp#27;[35m4020&amp#27;[0;39m &amp#27;[2m---&amp#27;[0;39m &amp#27;[2m[ApiInventarioMini] [           main]&amp#27;[0;39m &amp#27;[2m&amp#27;[0;39m&amp#27;[36m.i.e.ValidatorFactoryConfigurationHelper&amp#27;[0;39m &amp#27;[2m:&amp#27;[0;39m HV000234: Using org.springframework.validation.beanvalidation.LocaleContextMessageInterpolator as ValidatorFactory-scoped message interpolator.
&amp#27;[2m2024-06-29T19:03:26.726-06:00&amp#27;[0;39m &amp#27;[32mDEBUG&amp#27;[0;39m &amp#27;[35m4020&amp#27;[0;39m &amp#27;[2m---&amp#27;[0;39m &amp#27;[2m[ApiInventarioMini] [           main]&amp#27;[0;39m &amp#27;[2m&amp#27;[0;39m&amp#27;[36m.i.e.ValidatorFactoryConfigurationHelper&amp#27;[0;39m &amp#27;[2m:&amp#27;[0;39m HV000234: Using org.hibernate.validator.internal.engine.resolver.JPATraversableResolver as ValidatorFactory-scoped traversable resolver.
&amp#27;[2m2024-06-29T19:03:26.726-06:00&amp#27;[0;39m &amp#27;[32mDEBUG&amp#27;[0;39m &amp#27;[35m4020&amp#27;[0;39m &amp#27;[2m---&amp#27;[0;39m &amp#27;[2m[ApiInventarioMini] [           main]&amp#27;[0;39m &amp#27;[2m&amp#27;[0;39m&amp#27;[36m.i.e.ValidatorFactoryConfigurationHelper&amp#27;[0;39m &amp#27;[2m:&amp#27;[0;39m HV000234: Using org.hibernate.validator.internal.util.ExecutableParameterNameProvider as ValidatorFactory-scoped parameter name provider.
&amp#27;[2m2024-06-29T19:03:26.726-06:00&amp#27;[0;39m &amp#27;[32mDEBUG&amp#27;[0;39m &amp#27;[35m4020&amp#27;[0;39m &amp#27;[2m---&amp#27;[0;39m &amp#27;[2m[ApiInventarioMini] [           main]&amp#27;[0;39m &amp#27;[2m&amp#27;[0;39m&amp#27;[36m.i.e.ValidatorFactoryConfigurationHelper&amp#27;[0;39m &amp#27;[2m:&amp#27;[0;39m HV000234: Using org.hibernate.validator.internal.engine.DefaultClockProvider as ValidatorFactory-scoped clock provider.
&amp#27;[2m2024-06-29T19:03:26.726-06:00&amp#27;[0;39m &amp#27;[32mDEBUG&amp#27;[0;39m &amp#27;[35m4020&amp#27;[0;39m &amp#27;[2m---&amp#27;[0;39m &amp#27;[2m[ApiInventarioMini] [           main]&amp#27;[0;39m &amp#27;[2m&amp#27;[0;39m&amp#27;[36m.i.e.ValidatorFactoryConfigurationHelper&amp#27;[0;39m &amp#27;[2m:&amp#27;[0;39m HV000234: Using org.hibernate.validator.internal.engine.scripting.DefaultScriptEvaluatorFactory as ValidatorFactory-scoped script evaluator factory.
&amp#27;[2m2024-06-29T19:03:26.738-06:00&amp#27;[0;39m &amp#27;[33m WARN&amp#27;[0;39m &amp#27;[35m4020&amp#27;[0;39m &amp#27;[2m---&amp#27;[0;39m &amp#27;[2m[ApiInventarioMini] [           main]&amp#27;[0;39m &amp#27;[2m&amp#27;[0;39m&amp#27;[36mJpaBaseConfiguration$JpaWebConfiguration&amp#27;[0;39m &amp#27;[2m:&amp#27;[0;39m spring.jpa.open-in-view is enabled by default. Therefore, database queries may be performed during view rendering. Explicitly configure spring.jpa.open-in-view to disable this warning
&amp#27;[2m2024-06-29T19:03:26.974-06:00&amp#27;[0;39m &amp#27;[32m INFO&amp#27;[0;39m &amp#27;[35m4020&amp#27;[0;39m &amp#27;[2m---&amp#27;[0;39m &amp#27;[2m[ApiInventarioMini] [           main]&amp#27;[0;39m &amp#27;[2m&amp#27;[0;39m&amp#27;[36mc.i.m.ApiInventarioMiniApplicationTests &amp#27;[0;39m &amp#27;[2m:&amp#27;[0;39m Started ApiInventarioMiniApplicationTests in 3.418 seconds (process running for 3.889)
]]></system-out>
    <system-err><![CDATA[WARNING: A Java agent has been loaded dynamically (/Users/jafcp/.m2/repository/net/bytebuddy/byte-buddy-agent/1.14.12/byte-buddy-agent-1.14.12.jar)
WARNING: If a serviceability tool is in use, please run with -XX:+EnableDynamicAgentLoading to hide this warning
WARNING: If a serviceability tool is not in use, please run with -Djdk.instrument.traceUsage for more information
WARNING: Dynamic loading of agents will be disallowed by default in a future release
]]></system-err>
  </testcase>
</testsuite>